2018-05-17 10:53:55.620  INFO 8684 --- [main] com.wang.Application                     : No active profile set, falling back to default profiles: default
2018-05-17 10:53:55.631  INFO 8684 --- [main] ationConfigEmbeddedWebApplicationContext : Refreshing org.springframework.boot.context.embedded.AnnotationConfigEmbeddedWebApplicationContext@25f4878b: startup date [Thu May 17 10:53:55 CST 2018]; parent: org.springframework.context.annotation.AnnotationConfigApplicationContext@159f197
2018-05-17 10:53:56.720  WARN 8684 --- [main] o.s.c.a.ConfigurationClassPostProcessor  : Cannot enhance @Configuration bean definition 'refreshScope' since its singleton instance has been created too early. The typical cause is a non-static @Bean method with a BeanDefinitionRegistryPostProcessor return type: Consider declaring such methods as 'static'.
2018-05-17 10:53:56.843  INFO 8684 --- [main] o.s.cloud.context.scope.GenericScope     : BeanFactory id=f6c140a7-6a3b-34b0-be2c-fdb60db89422
2018-05-17 10:53:56.853  INFO 8684 --- [main] f.a.AutowiredAnnotationBeanPostProcessor : JSR-330 'javax.inject.Inject' annotation found and supported for autowiring
2018-05-17 10:53:56.870  INFO 8684 --- [main] trationDelegate$BeanPostProcessorChecker : Bean 'org.springframework.cloud.autoconfigure.ConfigurationPropertiesRebinderAutoConfiguration' of type [class org.springframework.cloud.autoconfigure.ConfigurationPropertiesRebinderAutoConfiguration$$EnhancerBySpringCGLIB$$c9a2a062] is not eligible for getting processed by all BeanPostProcessors (for example: not eligible for auto-proxying)
2018-05-17 10:53:56.874  INFO 8684 --- [main] trationDelegate$BeanPostProcessorChecker : Bean 'org.springframework.cloud.autoconfigure.RefreshEndpointAutoConfiguration' of type [class org.springframework.cloud.autoconfigure.RefreshEndpointAutoConfiguration$$EnhancerBySpringCGLIB$$7301a258] is not eligible for getting processed by all BeanPostProcessors (for example: not eligible for auto-proxying)
2018-05-17 10:53:57.298  INFO 8684 --- [main] s.b.c.e.t.TomcatEmbeddedServletContainer : Tomcat initialized with port(s): 1001 (http)
2018-05-17 10:53:57.312  INFO 8684 --- [main] o.apache.catalina.core.StandardService   : Starting service Tomcat
2018-05-17 10:53:57.313  INFO 8684 --- [main] org.apache.catalina.core.StandardEngine  : Starting Servlet Engine: Apache Tomcat/8.0.33
2018-05-17 10:53:57.465  INFO 8684 --- [localhost-startStop-1] o.a.c.c.C.[Tomcat].[localhost].[/]       : Initializing Spring embedded WebApplicationContext
2018-05-17 10:53:57.465  INFO 8684 --- [localhost-startStop-1] o.s.web.context.ContextLoader            : Root WebApplicationContext: initialization completed in 1834 ms
2018-05-17 10:53:58.492  INFO 8684 --- [localhost-startStop-1] o.s.b.c.embedded.FilterRegistrationBean  : Mapping filter: 'metricFilter' to: [/*]
2018-05-17 10:53:58.492  INFO 8684 --- [localhost-startStop-1] o.s.b.c.embedded.FilterRegistrationBean  : Mapping filter: 'characterEncodingFilter' to: [/*]
2018-05-17 10:53:58.492  INFO 8684 --- [localhost-startStop-1] o.s.b.c.embedded.FilterRegistrationBean  : Mapping filter: 'hiddenHttpMethodFilter' to: [/*]
2018-05-17 10:53:58.493  INFO 8684 --- [localhost-startStop-1] o.s.b.c.embedded.FilterRegistrationBean  : Mapping filter: 'httpPutFormContentFilter' to: [/*]
2018-05-17 10:53:58.493  INFO 8684 --- [localhost-startStop-1] o.s.b.c.embedded.FilterRegistrationBean  : Mapping filter: 'requestContextFilter' to: [/*]
2018-05-17 10:53:58.493  INFO 8684 --- [localhost-startStop-1] o.s.b.c.embedded.FilterRegistrationBean  : Mapping filter: 'webRequestTraceFilter' to: [/*]
2018-05-17 10:53:58.493  INFO 8684 --- [localhost-startStop-1] o.s.b.c.embedded.FilterRegistrationBean  : Mapping filter: 'servletContainer' to urls: [/eureka/*]
2018-05-17 10:53:58.493  INFO 8684 --- [localhost-startStop-1] o.s.b.c.embedded.FilterRegistrationBean  : Mapping filter: 'applicationContextIdFilter' to: [/*]
2018-05-17 10:53:58.493  INFO 8684 --- [localhost-startStop-1] o.s.b.c.e.ServletRegistrationBean        : Mapping servlet: 'dispatcherServlet' to [/]
2018-05-17 10:53:58.568  INFO 8684 --- [localhost-startStop-1] c.s.j.s.i.a.WebApplicationImpl           : Initiating Jersey application, version 'Jersey: 1.19.1 03/11/2016 02:08 PM'
2018-05-17 10:53:58.637  INFO 8684 --- [localhost-startStop-1] c.n.d.provider.DiscoveryJerseyProvider   : Using JSON encoding codec LegacyJacksonJson
2018-05-17 10:53:58.638  INFO 8684 --- [localhost-startStop-1] c.n.d.provider.DiscoveryJerseyProvider   : Using JSON decoding codec LegacyJacksonJson
2018-05-17 10:53:58.722  INFO 8684 --- [localhost-startStop-1] c.n.d.provider.DiscoveryJerseyProvider   : Using XML encoding codec XStreamXml
2018-05-17 10:53:58.723  INFO 8684 --- [localhost-startStop-1] c.n.d.provider.DiscoveryJerseyProvider   : Using XML decoding codec XStreamXml
2018-05-17 10:53:59.430  INFO 8684 --- [main] o.s.c.n.eureka.InstanceInfoFactory       : Setting initial instance status as: STARTING
2018-05-17 10:53:59.506  INFO 8684 --- [main] com.netflix.discovery.DiscoveryClient    : Client configured to neither register nor query for data.
2018-05-17 10:53:59.669  INFO 8684 --- [main] c.n.eureka.DefaultEurekaServerContext    : Initializing ...
2018-05-17 10:53:59.671  WARN 8684 --- [main] c.n.eureka.cluster.PeerEurekaNodes       : The replica size seems to be empty. Check the route 53 DNS Registry
2018-05-17 10:53:59.679  INFO 8684 --- [main] c.n.e.registry.AbstractInstanceRegistry  : Finished initializing remote region registries. All known remote regions: []
2018-05-17 10:53:59.679  INFO 8684 --- [main] c.n.eureka.DefaultEurekaServerContext    : Initialized
2018-05-17 10:53:59.884  INFO 8684 --- [main] s.w.s.m.m.a.RequestMappingHandlerAdapter : Looking for @ControllerAdvice: org.springframework.boot.context.embedded.AnnotationConfigEmbeddedWebApplicationContext@25f4878b: startup date [Thu May 17 10:53:55 CST 2018]; parent: org.springframework.context.annotation.AnnotationConfigApplicationContext@159f197
2018-05-17 10:53:59.953  INFO 8684 --- [main] s.w.s.m.m.a.RequestMappingHandlerMapping : Mapped "{[/],methods=[GET]}" onto public java.lang.String org.springframework.cloud.netflix.eureka.server.EurekaController.status(javax.servlet.http.HttpServletRequest,java.util.Map<java.lang.String, java.lang.Object>)
2018-05-17 10:53:59.954  INFO 8684 --- [main] s.w.s.m.m.a.RequestMappingHandlerMapping : Mapped "{[/lastn],methods=[GET]}" onto public java.lang.String org.springframework.cloud.netflix.eureka.server.EurekaController.lastn(javax.servlet.http.HttpServletRequest,java.util.Map<java.lang.String, java.lang.Object>)
2018-05-17 10:53:59.955  INFO 8684 --- [main] s.w.s.m.m.a.RequestMappingHandlerMapping : Mapped "{[/error]}" onto public org.springframework.http.ResponseEntity<java.util.Map<java.lang.String, java.lang.Object>> org.springframework.boot.autoconfigure.web.BasicErrorController.error(javax.servlet.http.HttpServletRequest)
2018-05-17 10:53:59.955  INFO 8684 --- [main] s.w.s.m.m.a.RequestMappingHandlerMapping : Mapped "{[/error],produces=[text/html]}" onto public org.springframework.web.servlet.ModelAndView org.springframework.boot.autoconfigure.web.BasicErrorController.errorHtml(javax.servlet.http.HttpServletRequest,javax.servlet.http.HttpServletResponse)
2018-05-17 10:53:59.976  INFO 8684 --- [main] o.s.w.s.handler.SimpleUrlHandlerMapping  : Mapped URL path [/webjars/**] onto handler of type [class org.springframework.web.servlet.resource.ResourceHttpRequestHandler]
2018-05-17 10:53:59.976  INFO 8684 --- [main] o.s.w.s.handler.SimpleUrlHandlerMapping  : Mapped URL path [/**] onto handler of type [class org.springframework.web.servlet.resource.ResourceHttpRequestHandler]
2018-05-17 10:54:00.007  INFO 8684 --- [main] o.s.w.s.handler.SimpleUrlHandlerMapping  : Mapped URL path [/**/favicon.ico] onto handler of type [class org.springframework.web.servlet.resource.ResourceHttpRequestHandler]
2018-05-17 10:54:00.370  INFO 8684 --- [main] o.s.b.a.e.mvc.EndpointHandlerMapping     : Mapped "{[/env],methods=[POST]}" onto public java.lang.Object org.springframework.cloud.context.environment.EnvironmentManagerMvcEndpoint.value(java.util.Map<java.lang.String, java.lang.String>)
2018-05-17 10:54:00.371  INFO 8684 --- [main] o.s.b.a.e.mvc.EndpointHandlerMapping     : Mapped "{[/env/reset],methods=[POST]}" onto public java.util.Map<java.lang.String, java.lang.Object> org.springframework.cloud.context.environment.EnvironmentManagerMvcEndpoint.reset()
2018-05-17 10:54:00.371  INFO 8684 --- [main] o.s.b.a.e.mvc.EndpointHandlerMapping     : Mapped "{[/configprops || /configprops.json],methods=[GET],produces=[application/json]}" onto public java.lang.Object org.springframework.boot.actuate.endpoint.mvc.EndpointMvcAdapter.invoke()
2018-05-17 10:54:00.372  INFO 8684 --- [main] o.s.b.a.e.mvc.EndpointHandlerMapping     : Mapped "{[/archaius || /archaius.json],methods=[GET],produces=[application/json]}" onto public java.lang.Object org.springframework.boot.actuate.endpoint.mvc.EndpointMvcAdapter.invoke()
2018-05-17 10:54:00.372  INFO 8684 --- [main] o.s.b.a.e.mvc.EndpointHandlerMapping     : Mapped "{[/health || /health.json],produces=[application/json]}" onto public java.lang.Object org.springframework.boot.actuate.endpoint.mvc.HealthMvcEndpoint.invoke(java.security.Principal)
2018-05-17 10:54:00.373  INFO 8684 --- [main] o.s.b.a.e.mvc.EndpointHandlerMapping     : Mapped "{[/pause || /pause.json],methods=[POST]}" onto public java.lang.Object org.springframework.cloud.endpoint.GenericPostableMvcEndpoint.invoke()
2018-05-17 10:54:00.374  INFO 8684 --- [main] o.s.b.a.e.mvc.EndpointHandlerMapping     : Mapped "{[/mappings || /mappings.json],methods=[GET],produces=[application/json]}" onto public java.lang.Object org.springframework.boot.actuate.endpoint.mvc.EndpointMvcAdapter.invoke()
2018-05-17 10:54:00.375  INFO 8684 --- [main] o.s.b.a.e.mvc.EndpointHandlerMapping     : Mapped "{[/logfile || /logfile.json],methods=[GET || HEAD]}" onto public void org.springframework.boot.actuate.endpoint.mvc.LogFileMvcEndpoint.invoke(javax.servlet.http.HttpServletRequest,javax.servlet.http.HttpServletResponse) throws javax.servlet.ServletException,java.io.IOException
2018-05-17 10:54:00.377  INFO 8684 --- [main] o.s.b.a.e.mvc.EndpointHandlerMapping     : Mapped "{[/info || /info.json],methods=[GET],produces=[application/json]}" onto public java.lang.Object org.springframework.boot.actuate.endpoint.mvc.EndpointMvcAdapter.invoke()
2018-05-17 10:54:00.377  INFO 8684 --- [main] o.s.b.a.e.mvc.EndpointHandlerMapping     : Mapped "{[/refresh || /refresh.json],methods=[POST]}" onto public java.lang.Object org.springframework.cloud.endpoint.GenericPostableMvcEndpoint.invoke()
2018-05-17 10:54:00.378  INFO 8684 --- [main] o.s.b.a.e.mvc.EndpointHandlerMapping     : Mapped "{[/restart || /restart.json],methods=[POST]}" onto public java.lang.Object org.springframework.cloud.context.restart.RestartMvcEndpoint.invoke()
2018-05-17 10:54:00.379  INFO 8684 --- [main] o.s.b.a.e.mvc.EndpointHandlerMapping     : Mapped "{[/resume || /resume.json],methods=[POST]}" onto public java.lang.Object org.springframework.cloud.endpoint.GenericPostableMvcEndpoint.invoke()
2018-05-17 10:54:00.380  INFO 8684 --- [main] o.s.b.a.e.mvc.EndpointHandlerMapping     : Mapped "{[/beans || /beans.json],methods=[GET],produces=[application/json]}" onto public java.lang.Object org.springframework.boot.actuate.endpoint.mvc.EndpointMvcAdapter.invoke()
2018-05-17 10:54:00.380  INFO 8684 --- [main] o.s.b.a.e.mvc.EndpointHandlerMapping     : Mapped "{[/env/{name:.*}],methods=[GET],produces=[application/json]}" onto public java.lang.Object org.springframework.boot.actuate.endpoint.mvc.EnvironmentMvcEndpoint.value(java.lang.String)
2018-05-17 10:54:00.380  INFO 8684 --- [main] o.s.b.a.e.mvc.EndpointHandlerMapping     : Mapped "{[/env || /env.json],methods=[GET],produces=[application/json]}" onto public java.lang.Object org.springframework.boot.actuate.endpoint.mvc.EndpointMvcAdapter.invoke()
2018-05-17 10:54:00.381  INFO 8684 --- [main] o.s.b.a.e.mvc.EndpointHandlerMapping     : Mapped "{[/metrics/{name:.*}],methods=[GET],produces=[application/json]}" onto public java.lang.Object org.springframework.boot.actuate.endpoint.mvc.MetricsMvcEndpoint.value(java.lang.String)
2018-05-17 10:54:00.381  INFO 8684 --- [main] o.s.b.a.e.mvc.EndpointHandlerMapping     : Mapped "{[/metrics || /metrics.json],methods=[GET],produces=[application/json]}" onto public java.lang.Object org.springframework.boot.actuate.endpoint.mvc.EndpointMvcAdapter.invoke()
2018-05-17 10:54:00.381  INFO 8684 --- [main] o.s.b.a.e.mvc.EndpointHandlerMapping     : Mapped "{[/autoconfig || /autoconfig.json],methods=[GET],produces=[application/json]}" onto public java.lang.Object org.springframework.boot.actuate.endpoint.mvc.EndpointMvcAdapter.invoke()
2018-05-17 10:54:00.381  INFO 8684 --- [main] o.s.b.a.e.mvc.EndpointHandlerMapping     : Mapped "{[/features || /features.json],methods=[GET],produces=[application/json]}" onto public java.lang.Object org.springframework.boot.actuate.endpoint.mvc.EndpointMvcAdapter.invoke()
2018-05-17 10:54:00.382  INFO 8684 --- [main] o.s.b.a.e.mvc.EndpointHandlerMapping     : Mapped "{[/trace || /trace.json],methods=[GET],produces=[application/json]}" onto public java.lang.Object org.springframework.boot.actuate.endpoint.mvc.EndpointMvcAdapter.invoke()
2018-05-17 10:54:00.382  INFO 8684 --- [main] o.s.b.a.e.mvc.EndpointHandlerMapping     : Mapped "{[/dump || /dump.json],methods=[GET],produces=[application/json]}" onto public java.lang.Object org.springframework.boot.actuate.endpoint.mvc.EndpointMvcAdapter.invoke()
2018-05-17 10:54:00.475  INFO 8684 --- [main] o.s.ui.freemarker.SpringTemplateLoader   : SpringTemplateLoader for FreeMarker: using resource loader [org.springframework.boot.context.embedded.AnnotationConfigEmbeddedWebApplicationContext@25f4878b: startup date [Thu May 17 10:53:55 CST 2018]; parent: org.springframework.context.annotation.AnnotationConfigApplicationContext@159f197] and template loader path [classpath:/templates/]
2018-05-17 10:54:00.476  INFO 8684 --- [main] o.s.w.s.v.f.FreeMarkerConfigurer         : ClassTemplateLoader for Spring macros added to FreeMarker configuration
2018-05-17 10:54:00.521  WARN 8684 --- [main] c.n.c.sources.URLConfigurationSource     : No URLs will be polled as dynamic configuration sources.
2018-05-17 10:54:00.522  INFO 8684 --- [main] c.n.c.sources.URLConfigurationSource     : To enable URLs as dynamic configuration sources, define System property archaius.configurationSource.additionalUrls or make config.properties available on classpath.
2018-05-17 10:54:00.527  WARN 8684 --- [main] c.n.c.sources.URLConfigurationSource     : No URLs will be polled as dynamic configuration sources.
2018-05-17 10:54:00.527  INFO 8684 --- [main] c.n.c.sources.URLConfigurationSource     : To enable URLs as dynamic configuration sources, define System property archaius.configurationSource.additionalUrls or make config.properties available on classpath.
2018-05-17 10:54:00.582  INFO 8684 --- [main] o.s.j.e.a.AnnotationMBeanExporter        : Registering beans for JMX exposure on startup
2018-05-17 10:54:00.596  INFO 8684 --- [main] o.s.j.e.a.AnnotationMBeanExporter        : Bean with name 'refreshScope' has been autodetected for JMX exposure
2018-05-17 10:54:00.596  INFO 8684 --- [main] o.s.j.e.a.AnnotationMBeanExporter        : Bean with name 'environmentManager' has been autodetected for JMX exposure
2018-05-17 10:54:00.597  INFO 8684 --- [main] o.s.j.e.a.AnnotationMBeanExporter        : Bean with name 'configurationPropertiesRebinder' has been autodetected for JMX exposure
2018-05-17 10:54:00.598  INFO 8684 --- [main] o.s.j.e.a.AnnotationMBeanExporter        : Bean with name 'refreshEndpoint' has been autodetected for JMX exposure
2018-05-17 10:54:00.598  INFO 8684 --- [main] o.s.j.e.a.AnnotationMBeanExporter        : Bean with name 'restartEndpoint' has been autodetected for JMX exposure
2018-05-17 10:54:00.600  INFO 8684 --- [main] o.s.j.e.a.AnnotationMBeanExporter        : Located managed bean 'environmentManager': registering with JMX server as MBean [org.springframework.cloud.context.environment:name=environmentManager,type=EnvironmentManager]
2018-05-17 10:54:00.612  INFO 8684 --- [main] o.s.j.e.a.AnnotationMBeanExporter        : Located managed bean 'restartEndpoint': registering with JMX server as MBean [org.springframework.cloud.context.restart:name=restartEndpoint,type=RestartEndpoint]
2018-05-17 10:54:00.624  INFO 8684 --- [main] o.s.j.e.a.AnnotationMBeanExporter        : Located managed bean 'refreshScope': registering with JMX server as MBean [org.springframework.cloud.context.scope.refresh:name=refreshScope,type=RefreshScope]
2018-05-17 10:54:00.629  INFO 8684 --- [main] o.s.j.e.a.AnnotationMBeanExporter        : Located managed bean 'configurationPropertiesRebinder': registering with JMX server as MBean [org.springframework.cloud.context.properties:name=configurationPropertiesRebinder,context=25f4878b,type=ConfigurationPropertiesRebinder]
2018-05-17 10:54:00.634  INFO 8684 --- [main] o.s.j.e.a.AnnotationMBeanExporter        : Located managed bean 'refreshEndpoint': registering with JMX server as MBean [org.springframework.cloud.endpoint:name=refreshEndpoint,type=RefreshEndpoint]
2018-05-17 10:54:00.777  INFO 8684 --- [main] o.s.c.support.DefaultLifecycleProcessor  : Starting beans in phase 0
2018-05-17 10:54:00.778  INFO 8684 --- [Thread-7] o.s.c.n.e.server.EurekaServerBootstrap   : Setting the eureka configuration..
2018-05-17 10:54:00.778  INFO 8684 --- [main] c.n.e.EurekaDiscoveryClientConfiguration : Registering application eureka-server with eureka with status UP
2018-05-17 10:54:00.779  INFO 8684 --- [Thread-7] o.s.c.n.e.server.EurekaServerBootstrap   : Eureka data center value eureka.datacenter is not set, defaulting to default
2018-05-17 10:54:00.779  INFO 8684 --- [Thread-7] o.s.c.n.e.server.EurekaServerBootstrap   : Eureka environment value eureka.environment is not set, defaulting to test
2018-05-17 10:54:00.839  INFO 8684 --- [Thread-7] o.s.c.n.e.server.EurekaServerBootstrap   : isAws returned false
2018-05-17 10:54:00.839  INFO 8684 --- [Thread-7] o.s.c.n.e.server.EurekaServerBootstrap   : Initialized server context
2018-05-17 10:54:00.839  INFO 8684 --- [Thread-7] c.n.e.r.PeerAwareInstanceRegistryImpl    : Got 1 instances from neighboring DS node
2018-05-17 10:54:00.839  INFO 8684 --- [Thread-7] c.n.e.r.PeerAwareInstanceRegistryImpl    : Renew threshold is: 1
2018-05-17 10:54:00.839  INFO 8684 --- [Thread-7] c.n.e.r.PeerAwareInstanceRegistryImpl    : Changing status to UP
2018-05-17 10:54:00.846  INFO 8684 --- [Thread-7] e.s.EurekaServerInitializerConfiguration : Started Eureka Server
2018-05-17 10:54:00.879  INFO 8684 --- [main] s.b.c.e.t.TomcatEmbeddedServletContainer : Tomcat started on port(s): 1001 (http)
2018-05-17 10:54:00.879  INFO 8684 --- [main] c.n.e.EurekaDiscoveryClientConfiguration : Updating port to 1001
2018-05-17 10:54:00.883  INFO 8684 --- [main] com.wang.Application                     : Started Application in 6.422 seconds (JVM running for 7.154)
2018-05-17 11:00:19.245  INFO 8684 --- [http-nio-1001-exec-1] o.a.c.c.C.[Tomcat].[localhost].[/]       : Initializing Spring FrameworkServlet 'dispatcherServlet'
2018-05-17 11:00:19.246  INFO 8684 --- [http-nio-1001-exec-1] o.s.web.servlet.DispatcherServlet        : FrameworkServlet 'dispatcherServlet': initialization started
2018-05-17 11:00:19.263  INFO 8684 --- [http-nio-1001-exec-1] o.s.web.servlet.DispatcherServlet        : FrameworkServlet 'dispatcherServlet': initialization completed in 17 ms
2018-05-17 11:03:59.681  WARN 8684 --- [Eureka-PeerNodesUpdater] c.n.eureka.cluster.PeerEurekaNodes       : The replica size seems to be empty. Check the route 53 DNS Registry
2018-05-17 11:12:57.293  INFO 7224 --- [main] com.wang.Application                     : No active profile set, falling back to default profiles: default
2018-05-17 11:12:57.305  INFO 7224 --- [main] ationConfigEmbeddedWebApplicationContext : Refreshing org.springframework.boot.context.embedded.AnnotationConfigEmbeddedWebApplicationContext@25f4878b: startup date [Thu May 17 11:12:57 CST 2018]; parent: org.springframework.context.annotation.AnnotationConfigApplicationContext@159f197
2018-05-17 11:12:57.988  WARN 7224 --- [main] o.s.c.a.ConfigurationClassPostProcessor  : Cannot enhance @Configuration bean definition 'refreshScope' since its singleton instance has been created too early. The typical cause is a non-static @Bean method with a BeanDefinitionRegistryPostProcessor return type: Consider declaring such methods as 'static'.
2018-05-17 11:12:58.103  INFO 7224 --- [main] o.s.cloud.context.scope.GenericScope     : BeanFactory id=f6c140a7-6a3b-34b0-be2c-fdb60db89422
2018-05-17 11:12:58.114  INFO 7224 --- [main] f.a.AutowiredAnnotationBeanPostProcessor : JSR-330 'javax.inject.Inject' annotation found and supported for autowiring
2018-05-17 11:12:58.132  INFO 7224 --- [main] trationDelegate$BeanPostProcessorChecker : Bean 'org.springframework.cloud.autoconfigure.ConfigurationPropertiesRebinderAutoConfiguration' of type [class org.springframework.cloud.autoconfigure.ConfigurationPropertiesRebinderAutoConfiguration$$EnhancerBySpringCGLIB$$c9a2a062] is not eligible for getting processed by all BeanPostProcessors (for example: not eligible for auto-proxying)
2018-05-17 11:12:58.137  INFO 7224 --- [main] trationDelegate$BeanPostProcessorChecker : Bean 'org.springframework.cloud.autoconfigure.RefreshEndpointAutoConfiguration' of type [class org.springframework.cloud.autoconfigure.RefreshEndpointAutoConfiguration$$EnhancerBySpringCGLIB$$7301a258] is not eligible for getting processed by all BeanPostProcessors (for example: not eligible for auto-proxying)
2018-05-17 11:12:58.493  INFO 7224 --- [main] s.b.c.e.t.TomcatEmbeddedServletContainer : Tomcat initialized with port(s): 1001 (http)
2018-05-17 11:12:58.504  INFO 7224 --- [main] o.apache.catalina.core.StandardService   : Starting service Tomcat
2018-05-17 11:12:58.505  INFO 7224 --- [main] org.apache.catalina.core.StandardEngine  : Starting Servlet Engine: Apache Tomcat/8.0.33
2018-05-17 11:12:58.622  INFO 7224 --- [localhost-startStop-1] o.a.c.c.C.[Tomcat].[localhost].[/]       : Initializing Spring embedded WebApplicationContext
2018-05-17 11:12:58.622  INFO 7224 --- [localhost-startStop-1] o.s.web.context.ContextLoader            : Root WebApplicationContext: initialization completed in 1317 ms
2018-05-17 11:12:59.257  INFO 7224 --- [localhost-startStop-1] o.s.b.c.embedded.FilterRegistrationBean  : Mapping filter: 'metricFilter' to: [/*]
2018-05-17 11:12:59.257  INFO 7224 --- [localhost-startStop-1] o.s.b.c.embedded.FilterRegistrationBean  : Mapping filter: 'characterEncodingFilter' to: [/*]
2018-05-17 11:12:59.257  INFO 7224 --- [localhost-startStop-1] o.s.b.c.embedded.FilterRegistrationBean  : Mapping filter: 'hiddenHttpMethodFilter' to: [/*]
2018-05-17 11:12:59.257  INFO 7224 --- [localhost-startStop-1] o.s.b.c.embedded.FilterRegistrationBean  : Mapping filter: 'httpPutFormContentFilter' to: [/*]
2018-05-17 11:12:59.258  INFO 7224 --- [localhost-startStop-1] o.s.b.c.embedded.FilterRegistrationBean  : Mapping filter: 'requestContextFilter' to: [/*]
2018-05-17 11:12:59.258  INFO 7224 --- [localhost-startStop-1] o.s.b.c.embedded.FilterRegistrationBean  : Mapping filter: 'webRequestTraceFilter' to: [/*]
2018-05-17 11:12:59.258  INFO 7224 --- [localhost-startStop-1] o.s.b.c.embedded.FilterRegistrationBean  : Mapping filter: 'servletContainer' to urls: [/eureka/*]
2018-05-17 11:12:59.258  INFO 7224 --- [localhost-startStop-1] o.s.b.c.embedded.FilterRegistrationBean  : Mapping filter: 'applicationContextIdFilter' to: [/*]
2018-05-17 11:12:59.258  INFO 7224 --- [localhost-startStop-1] o.s.b.c.e.ServletRegistrationBean        : Mapping servlet: 'dispatcherServlet' to [/]
2018-05-17 11:12:59.348  INFO 7224 --- [localhost-startStop-1] c.s.j.s.i.a.WebApplicationImpl           : Initiating Jersey application, version 'Jersey: 1.19.1 03/11/2016 02:08 PM'
2018-05-17 11:12:59.428  INFO 7224 --- [localhost-startStop-1] c.n.d.provider.DiscoveryJerseyProvider   : Using JSON encoding codec LegacyJacksonJson
2018-05-17 11:12:59.429  INFO 7224 --- [localhost-startStop-1] c.n.d.provider.DiscoveryJerseyProvider   : Using JSON decoding codec LegacyJacksonJson
2018-05-17 11:12:59.516  INFO 7224 --- [localhost-startStop-1] c.n.d.provider.DiscoveryJerseyProvider   : Using XML encoding codec XStreamXml
2018-05-17 11:12:59.517  INFO 7224 --- [localhost-startStop-1] c.n.d.provider.DiscoveryJerseyProvider   : Using XML decoding codec XStreamXml
2018-05-17 11:12:59.984  INFO 7224 --- [main] o.s.c.n.eureka.InstanceInfoFactory       : Setting initial instance status as: STARTING
2018-05-17 11:13:00.039  INFO 7224 --- [main] com.netflix.discovery.DiscoveryClient    : Client configured to neither register nor query for data.
2018-05-17 11:13:00.103  INFO 7224 --- [main] c.n.eureka.DefaultEurekaServerContext    : Initializing ...
2018-05-17 11:13:00.205  WARN 7224 --- [main] c.n.eureka.cluster.PeerEurekaNodes       : The replica size seems to be empty. Check the route 53 DNS Registry
2018-05-17 11:13:00.219  INFO 7224 --- [main] c.n.e.registry.AbstractInstanceRegistry  : Finished initializing remote region registries. All known remote regions: []
2018-05-17 11:13:00.219  INFO 7224 --- [main] c.n.eureka.DefaultEurekaServerContext    : Initialized
2018-05-17 11:13:00.412  INFO 7224 --- [main] s.w.s.m.m.a.RequestMappingHandlerAdapter : Looking for @ControllerAdvice: org.springframework.boot.context.embedded.AnnotationConfigEmbeddedWebApplicationContext@25f4878b: startup date [Thu May 17 11:12:57 CST 2018]; parent: org.springframework.context.annotation.AnnotationConfigApplicationContext@159f197
2018-05-17 11:13:00.481  INFO 7224 --- [main] s.w.s.m.m.a.RequestMappingHandlerMapping : Mapped "{[/],methods=[GET]}" onto public java.lang.String org.springframework.cloud.netflix.eureka.server.EurekaController.status(javax.servlet.http.HttpServletRequest,java.util.Map<java.lang.String, java.lang.Object>)
2018-05-17 11:13:00.482  INFO 7224 --- [main] s.w.s.m.m.a.RequestMappingHandlerMapping : Mapped "{[/lastn],methods=[GET]}" onto public java.lang.String org.springframework.cloud.netflix.eureka.server.EurekaController.lastn(javax.servlet.http.HttpServletRequest,java.util.Map<java.lang.String, java.lang.Object>)
2018-05-17 11:13:00.483  INFO 7224 --- [main] s.w.s.m.m.a.RequestMappingHandlerMapping : Mapped "{[/error]}" onto public org.springframework.http.ResponseEntity<java.util.Map<java.lang.String, java.lang.Object>> org.springframework.boot.autoconfigure.web.BasicErrorController.error(javax.servlet.http.HttpServletRequest)
2018-05-17 11:13:00.484  INFO 7224 --- [main] s.w.s.m.m.a.RequestMappingHandlerMapping : Mapped "{[/error],produces=[text/html]}" onto public org.springframework.web.servlet.ModelAndView org.springframework.boot.autoconfigure.web.BasicErrorController.errorHtml(javax.servlet.http.HttpServletRequest,javax.servlet.http.HttpServletResponse)
2018-05-17 11:13:00.506  INFO 7224 --- [main] o.s.w.s.handler.SimpleUrlHandlerMapping  : Mapped URL path [/webjars/**] onto handler of type [class org.springframework.web.servlet.resource.ResourceHttpRequestHandler]
2018-05-17 11:13:00.506  INFO 7224 --- [main] o.s.w.s.handler.SimpleUrlHandlerMapping  : Mapped URL path [/**] onto handler of type [class org.springframework.web.servlet.resource.ResourceHttpRequestHandler]
2018-05-17 11:13:00.535  INFO 7224 --- [main] o.s.w.s.handler.SimpleUrlHandlerMapping  : Mapped URL path [/**/favicon.ico] onto handler of type [class org.springframework.web.servlet.resource.ResourceHttpRequestHandler]
2018-05-17 11:13:00.920  INFO 7224 --- [main] o.s.b.a.e.mvc.EndpointHandlerMapping     : Mapped "{[/env],methods=[POST]}" onto public java.lang.Object org.springframework.cloud.context.environment.EnvironmentManagerMvcEndpoint.value(java.util.Map<java.lang.String, java.lang.String>)
2018-05-17 11:13:00.921  INFO 7224 --- [main] o.s.b.a.e.mvc.EndpointHandlerMapping     : Mapped "{[/env/reset],methods=[POST]}" onto public java.util.Map<java.lang.String, java.lang.Object> org.springframework.cloud.context.environment.EnvironmentManagerMvcEndpoint.reset()
2018-05-17 11:13:00.921  INFO 7224 --- [main] o.s.b.a.e.mvc.EndpointHandlerMapping     : Mapped "{[/configprops || /configprops.json],methods=[GET],produces=[application/json]}" onto public java.lang.Object org.springframework.boot.actuate.endpoint.mvc.EndpointMvcAdapter.invoke()
2018-05-17 11:13:00.922  INFO 7224 --- [main] o.s.b.a.e.mvc.EndpointHandlerMapping     : Mapped "{[/archaius || /archaius.json],methods=[GET],produces=[application/json]}" onto public java.lang.Object org.springframework.boot.actuate.endpoint.mvc.EndpointMvcAdapter.invoke()
2018-05-17 11:13:00.922  INFO 7224 --- [main] o.s.b.a.e.mvc.EndpointHandlerMapping     : Mapped "{[/health || /health.json],produces=[application/json]}" onto public java.lang.Object org.springframework.boot.actuate.endpoint.mvc.HealthMvcEndpoint.invoke(java.security.Principal)
2018-05-17 11:13:00.924  INFO 7224 --- [main] o.s.b.a.e.mvc.EndpointHandlerMapping     : Mapped "{[/pause || /pause.json],methods=[POST]}" onto public java.lang.Object org.springframework.cloud.endpoint.GenericPostableMvcEndpoint.invoke()
2018-05-17 11:13:00.924  INFO 7224 --- [main] o.s.b.a.e.mvc.EndpointHandlerMapping     : Mapped "{[/mappings || /mappings.json],methods=[GET],produces=[application/json]}" onto public java.lang.Object org.springframework.boot.actuate.endpoint.mvc.EndpointMvcAdapter.invoke()
2018-05-17 11:13:00.924  INFO 7224 --- [main] o.s.b.a.e.mvc.EndpointHandlerMapping     : Mapped "{[/logfile || /logfile.json],methods=[GET || HEAD]}" onto public void org.springframework.boot.actuate.endpoint.mvc.LogFileMvcEndpoint.invoke(javax.servlet.http.HttpServletRequest,javax.servlet.http.HttpServletResponse) throws javax.servlet.ServletException,java.io.IOException
2018-05-17 11:13:00.925  INFO 7224 --- [main] o.s.b.a.e.mvc.EndpointHandlerMapping     : Mapped "{[/info || /info.json],methods=[GET],produces=[application/json]}" onto public java.lang.Object org.springframework.boot.actuate.endpoint.mvc.EndpointMvcAdapter.invoke()
2018-05-17 11:13:00.925  INFO 7224 --- [main] o.s.b.a.e.mvc.EndpointHandlerMapping     : Mapped "{[/refresh || /refresh.json],methods=[POST]}" onto public java.lang.Object org.springframework.cloud.endpoint.GenericPostableMvcEndpoint.invoke()
2018-05-17 11:13:00.925  INFO 7224 --- [main] o.s.b.a.e.mvc.EndpointHandlerMapping     : Mapped "{[/restart || /restart.json],methods=[POST]}" onto public java.lang.Object org.springframework.cloud.context.restart.RestartMvcEndpoint.invoke()
2018-05-17 11:13:00.926  INFO 7224 --- [main] o.s.b.a.e.mvc.EndpointHandlerMapping     : Mapped "{[/resume || /resume.json],methods=[POST]}" onto public java.lang.Object org.springframework.cloud.endpoint.GenericPostableMvcEndpoint.invoke()
2018-05-17 11:13:00.927  INFO 7224 --- [main] o.s.b.a.e.mvc.EndpointHandlerMapping     : Mapped "{[/beans || /beans.json],methods=[GET],produces=[application/json]}" onto public java.lang.Object org.springframework.boot.actuate.endpoint.mvc.EndpointMvcAdapter.invoke()
2018-05-17 11:13:00.928  INFO 7224 --- [main] o.s.b.a.e.mvc.EndpointHandlerMapping     : Mapped "{[/env/{name:.*}],methods=[GET],produces=[application/json]}" onto public java.lang.Object org.springframework.boot.actuate.endpoint.mvc.EnvironmentMvcEndpoint.value(java.lang.String)
2018-05-17 11:13:00.928  INFO 7224 --- [main] o.s.b.a.e.mvc.EndpointHandlerMapping     : Mapped "{[/env || /env.json],methods=[GET],produces=[application/json]}" onto public java.lang.Object org.springframework.boot.actuate.endpoint.mvc.EndpointMvcAdapter.invoke()
2018-05-17 11:13:00.928  INFO 7224 --- [main] o.s.b.a.e.mvc.EndpointHandlerMapping     : Mapped "{[/metrics/{name:.*}],methods=[GET],produces=[application/json]}" onto public java.lang.Object org.springframework.boot.actuate.endpoint.mvc.MetricsMvcEndpoint.value(java.lang.String)
2018-05-17 11:13:00.928  INFO 7224 --- [main] o.s.b.a.e.mvc.EndpointHandlerMapping     : Mapped "{[/metrics || /metrics.json],methods=[GET],produces=[application/json]}" onto public java.lang.Object org.springframework.boot.actuate.endpoint.mvc.EndpointMvcAdapter.invoke()
2018-05-17 11:13:00.929  INFO 7224 --- [main] o.s.b.a.e.mvc.EndpointHandlerMapping     : Mapped "{[/autoconfig || /autoconfig.json],methods=[GET],produces=[application/json]}" onto public java.lang.Object org.springframework.boot.actuate.endpoint.mvc.EndpointMvcAdapter.invoke()
2018-05-17 11:13:00.929  INFO 7224 --- [main] o.s.b.a.e.mvc.EndpointHandlerMapping     : Mapped "{[/features || /features.json],methods=[GET],produces=[application/json]}" onto public java.lang.Object org.springframework.boot.actuate.endpoint.mvc.EndpointMvcAdapter.invoke()
2018-05-17 11:13:00.929  INFO 7224 --- [main] o.s.b.a.e.mvc.EndpointHandlerMapping     : Mapped "{[/trace || /trace.json],methods=[GET],produces=[application/json]}" onto public java.lang.Object org.springframework.boot.actuate.endpoint.mvc.EndpointMvcAdapter.invoke()
2018-05-17 11:13:00.931  INFO 7224 --- [main] o.s.b.a.e.mvc.EndpointHandlerMapping     : Mapped "{[/dump || /dump.json],methods=[GET],produces=[application/json]}" onto public java.lang.Object org.springframework.boot.actuate.endpoint.mvc.EndpointMvcAdapter.invoke()
2018-05-17 11:13:01.023  INFO 7224 --- [main] o.s.ui.freemarker.SpringTemplateLoader   : SpringTemplateLoader for FreeMarker: using resource loader [org.springframework.boot.context.embedded.AnnotationConfigEmbeddedWebApplicationContext@25f4878b: startup date [Thu May 17 11:12:57 CST 2018]; parent: org.springframework.context.annotation.AnnotationConfigApplicationContext@159f197] and template loader path [classpath:/templates/]
2018-05-17 11:13:01.024  INFO 7224 --- [main] o.s.w.s.v.f.FreeMarkerConfigurer         : ClassTemplateLoader for Spring macros added to FreeMarker configuration
2018-05-17 11:13:01.079  WARN 7224 --- [main] c.n.c.sources.URLConfigurationSource     : No URLs will be polled as dynamic configuration sources.
2018-05-17 11:13:01.079  INFO 7224 --- [main] c.n.c.sources.URLConfigurationSource     : To enable URLs as dynamic configuration sources, define System property archaius.configurationSource.additionalUrls or make config.properties available on classpath.
2018-05-17 11:13:01.086  WARN 7224 --- [main] c.n.c.sources.URLConfigurationSource     : No URLs will be polled as dynamic configuration sources.
2018-05-17 11:13:01.086  INFO 7224 --- [main] c.n.c.sources.URLConfigurationSource     : To enable URLs as dynamic configuration sources, define System property archaius.configurationSource.additionalUrls or make config.properties available on classpath.
2018-05-17 11:13:01.158  INFO 7224 --- [main] o.s.j.e.a.AnnotationMBeanExporter        : Registering beans for JMX exposure on startup
2018-05-17 11:13:01.171  INFO 7224 --- [main] o.s.j.e.a.AnnotationMBeanExporter        : Bean with name 'refreshScope' has been autodetected for JMX exposure
2018-05-17 11:13:01.171  INFO 7224 --- [main] o.s.j.e.a.AnnotationMBeanExporter        : Bean with name 'environmentManager' has been autodetected for JMX exposure
2018-05-17 11:13:01.174  INFO 7224 --- [main] o.s.j.e.a.AnnotationMBeanExporter        : Bean with name 'configurationPropertiesRebinder' has been autodetected for JMX exposure
2018-05-17 11:13:01.175  INFO 7224 --- [main] o.s.j.e.a.AnnotationMBeanExporter        : Bean with name 'refreshEndpoint' has been autodetected for JMX exposure
2018-05-17 11:13:01.176  INFO 7224 --- [main] o.s.j.e.a.AnnotationMBeanExporter        : Bean with name 'restartEndpoint' has been autodetected for JMX exposure
2018-05-17 11:13:01.180  INFO 7224 --- [main] o.s.j.e.a.AnnotationMBeanExporter        : Located managed bean 'environmentManager': registering with JMX server as MBean [org.springframework.cloud.context.environment:name=environmentManager,type=EnvironmentManager]
2018-05-17 11:13:01.193  INFO 7224 --- [main] o.s.j.e.a.AnnotationMBeanExporter        : Located managed bean 'restartEndpoint': registering with JMX server as MBean [org.springframework.cloud.context.restart:name=restartEndpoint,type=RestartEndpoint]
2018-05-17 11:13:01.215  INFO 7224 --- [main] o.s.j.e.a.AnnotationMBeanExporter        : Located managed bean 'refreshScope': registering with JMX server as MBean [org.springframework.cloud.context.scope.refresh:name=refreshScope,type=RefreshScope]
2018-05-17 11:13:01.224  INFO 7224 --- [main] o.s.j.e.a.AnnotationMBeanExporter        : Located managed bean 'configurationPropertiesRebinder': registering with JMX server as MBean [org.springframework.cloud.context.properties:name=configurationPropertiesRebinder,context=25f4878b,type=ConfigurationPropertiesRebinder]
2018-05-17 11:13:01.232  INFO 7224 --- [main] o.s.j.e.a.AnnotationMBeanExporter        : Located managed bean 'refreshEndpoint': registering with JMX server as MBean [org.springframework.cloud.endpoint:name=refreshEndpoint,type=RefreshEndpoint]
2018-05-17 11:13:01.474  INFO 7224 --- [main] o.s.c.support.DefaultLifecycleProcessor  : Starting beans in phase 0
2018-05-17 11:13:01.476  INFO 7224 --- [main] c.n.e.EurekaDiscoveryClientConfiguration : Registering application eureka-server with eureka with status UP
2018-05-17 11:13:01.604  INFO 7224 --- [main] s.b.c.e.t.TomcatEmbeddedServletContainer : Tomcat started on port(s): 1001 (http)
2018-05-17 11:13:01.605  INFO 7224 --- [main] c.n.e.EurekaDiscoveryClientConfiguration : Updating port to 1001
2018-05-17 11:13:01.608  INFO 7224 --- [main] com.wang.Application                     : Started Application in 5.62 seconds (JVM running for 6.12)
2018-05-17 11:13:01.619  INFO 7224 --- [Thread-7] o.s.c.n.e.server.EurekaServerBootstrap   : Setting the eureka configuration..
2018-05-17 11:13:01.619  INFO 7224 --- [Thread-7] o.s.c.n.e.server.EurekaServerBootstrap   : Eureka data center value eureka.datacenter is not set, defaulting to default
2018-05-17 11:13:01.619  INFO 7224 --- [Thread-7] o.s.c.n.e.server.EurekaServerBootstrap   : Eureka environment value eureka.environment is not set, defaulting to test
2018-05-17 11:13:01.645  INFO 7224 --- [Thread-7] o.s.c.n.e.server.EurekaServerBootstrap   : isAws returned false
2018-05-17 11:13:01.645  INFO 7224 --- [Thread-7] o.s.c.n.e.server.EurekaServerBootstrap   : Initialized server context
2018-05-17 11:13:01.646  INFO 7224 --- [Thread-7] c.n.e.r.PeerAwareInstanceRegistryImpl    : Got 1 instances from neighboring DS node
2018-05-17 11:13:01.646  INFO 7224 --- [Thread-7] c.n.e.r.PeerAwareInstanceRegistryImpl    : Renew threshold is: 1
2018-05-17 11:13:01.646  INFO 7224 --- [Thread-7] c.n.e.r.PeerAwareInstanceRegistryImpl    : Changing status to UP
2018-05-17 11:13:01.661  INFO 7224 --- [Thread-7] e.s.EurekaServerInitializerConfiguration : Started Eureka Server
2018-05-17 11:13:21.113  INFO 7224 --- [http-nio-1001-exec-1] o.a.c.c.C.[Tomcat].[localhost].[/]       : Initializing Spring FrameworkServlet 'dispatcherServlet'
2018-05-17 11:13:21.113  INFO 7224 --- [http-nio-1001-exec-1] o.s.web.servlet.DispatcherServlet        : FrameworkServlet 'dispatcherServlet': initialization started
2018-05-17 11:13:21.135  INFO 7224 --- [http-nio-1001-exec-1] o.s.web.servlet.DispatcherServlet        : FrameworkServlet 'dispatcherServlet': initialization completed in 22 ms
2018-05-17 11:17:40.381  INFO 7224 --- [http-nio-1001-exec-7] c.n.e.registry.AbstractInstanceRegistry  : Registered instance EUREKA-CLIENT/USER-20160202KM:eureka-client:2001 with status UP (replication=false)
2018-05-17 11:18:35.324  INFO 7224 --- [http-nio-1001-exec-8] c.n.e.registry.AbstractInstanceRegistry  : Registered instance EUREKA-CLIENT/USER-20160202KM:eureka-client:2001 with status UP (replication=false)
2018-05-17 11:19:06.867  INFO 5540 --- [main] com.wang.Application                     : No active profile set, falling back to default profiles: default
2018-05-17 11:19:06.884  INFO 5540 --- [main] ationConfigEmbeddedWebApplicationContext : Refreshing org.springframework.boot.context.embedded.AnnotationConfigEmbeddedWebApplicationContext@25f4878b: startup date [Thu May 17 11:19:06 CST 2018]; parent: org.springframework.context.annotation.AnnotationConfigApplicationContext@159f197
2018-05-17 11:19:07.710  WARN 5540 --- [main] o.s.c.a.ConfigurationClassPostProcessor  : Cannot enhance @Configuration bean definition 'refreshScope' since its singleton instance has been created too early. The typical cause is a non-static @Bean method with a BeanDefinitionRegistryPostProcessor return type: Consider declaring such methods as 'static'.
2018-05-17 11:19:07.831  INFO 5540 --- [main] o.s.cloud.context.scope.GenericScope     : BeanFactory id=f6c140a7-6a3b-34b0-be2c-fdb60db89422
2018-05-17 11:19:07.840  INFO 5540 --- [main] f.a.AutowiredAnnotationBeanPostProcessor : JSR-330 'javax.inject.Inject' annotation found and supported for autowiring
2018-05-17 11:19:07.857  INFO 5540 --- [main] trationDelegate$BeanPostProcessorChecker : Bean 'org.springframework.cloud.autoconfigure.ConfigurationPropertiesRebinderAutoConfiguration' of type [class org.springframework.cloud.autoconfigure.ConfigurationPropertiesRebinderAutoConfiguration$$EnhancerBySpringCGLIB$$c9a2a062] is not eligible for getting processed by all BeanPostProcessors (for example: not eligible for auto-proxying)
2018-05-17 11:19:07.862  INFO 5540 --- [main] trationDelegate$BeanPostProcessorChecker : Bean 'org.springframework.cloud.autoconfigure.RefreshEndpointAutoConfiguration' of type [class org.springframework.cloud.autoconfigure.RefreshEndpointAutoConfiguration$$EnhancerBySpringCGLIB$$7301a258] is not eligible for getting processed by all BeanPostProcessors (for example: not eligible for auto-proxying)
2018-05-17 11:19:08.193  INFO 5540 --- [main] s.b.c.e.t.TomcatEmbeddedServletContainer : Tomcat initialized with port(s): 1001 (http)
2018-05-17 11:19:08.203  INFO 5540 --- [main] o.apache.catalina.core.StandardService   : Starting service Tomcat
2018-05-17 11:19:08.204  INFO 5540 --- [main] org.apache.catalina.core.StandardEngine  : Starting Servlet Engine: Apache Tomcat/8.0.33
2018-05-17 11:19:08.324  INFO 5540 --- [localhost-startStop-1] o.a.c.c.C.[Tomcat].[localhost].[/]       : Initializing Spring embedded WebApplicationContext
2018-05-17 11:19:08.324  INFO 5540 --- [localhost-startStop-1] o.s.web.context.ContextLoader            : Root WebApplicationContext: initialization completed in 1440 ms
2018-05-17 11:19:08.962  INFO 5540 --- [localhost-startStop-1] o.s.b.c.embedded.FilterRegistrationBean  : Mapping filter: 'metricFilter' to: [/*]
2018-05-17 11:19:08.962  INFO 5540 --- [localhost-startStop-1] o.s.b.c.embedded.FilterRegistrationBean  : Mapping filter: 'characterEncodingFilter' to: [/*]
2018-05-17 11:19:08.963  INFO 5540 --- [localhost-startStop-1] o.s.b.c.embedded.FilterRegistrationBean  : Mapping filter: 'hiddenHttpMethodFilter' to: [/*]
2018-05-17 11:19:08.963  INFO 5540 --- [localhost-startStop-1] o.s.b.c.embedded.FilterRegistrationBean  : Mapping filter: 'httpPutFormContentFilter' to: [/*]
2018-05-17 11:19:08.963  INFO 5540 --- [localhost-startStop-1] o.s.b.c.embedded.FilterRegistrationBean  : Mapping filter: 'requestContextFilter' to: [/*]
2018-05-17 11:19:08.963  INFO 5540 --- [localhost-startStop-1] o.s.b.c.embedded.FilterRegistrationBean  : Mapping filter: 'webRequestTraceFilter' to: [/*]
2018-05-17 11:19:08.963  INFO 5540 --- [localhost-startStop-1] o.s.b.c.embedded.FilterRegistrationBean  : Mapping filter: 'servletContainer' to urls: [/eureka/*]
2018-05-17 11:19:08.963  INFO 5540 --- [localhost-startStop-1] o.s.b.c.embedded.FilterRegistrationBean  : Mapping filter: 'applicationContextIdFilter' to: [/*]
2018-05-17 11:19:08.963  INFO 5540 --- [localhost-startStop-1] o.s.b.c.e.ServletRegistrationBean        : Mapping servlet: 'dispatcherServlet' to [/]
2018-05-17 11:19:09.049  INFO 5540 --- [localhost-startStop-1] c.s.j.s.i.a.WebApplicationImpl           : Initiating Jersey application, version 'Jersey: 1.19.1 03/11/2016 02:08 PM'
2018-05-17 11:19:09.126  INFO 5540 --- [localhost-startStop-1] c.n.d.provider.DiscoveryJerseyProvider   : Using JSON encoding codec LegacyJacksonJson
2018-05-17 11:19:09.127  INFO 5540 --- [localhost-startStop-1] c.n.d.provider.DiscoveryJerseyProvider   : Using JSON decoding codec LegacyJacksonJson
2018-05-17 11:19:09.221  INFO 5540 --- [localhost-startStop-1] c.n.d.provider.DiscoveryJerseyProvider   : Using XML encoding codec XStreamXml
2018-05-17 11:19:09.221  INFO 5540 --- [localhost-startStop-1] c.n.d.provider.DiscoveryJerseyProvider   : Using XML decoding codec XStreamXml
2018-05-17 11:19:09.655  INFO 5540 --- [main] o.s.c.n.eureka.InstanceInfoFactory       : Setting initial instance status as: STARTING
2018-05-17 11:19:09.709  INFO 5540 --- [main] com.netflix.discovery.DiscoveryClient    : Client configured to neither register nor query for data.
2018-05-17 11:19:09.911  INFO 5540 --- [main] c.n.eureka.DefaultEurekaServerContext    : Initializing ...
2018-05-17 11:19:09.913  WARN 5540 --- [main] c.n.eureka.cluster.PeerEurekaNodes       : The replica size seems to be empty. Check the route 53 DNS Registry
2018-05-17 11:19:09.929  INFO 5540 --- [main] c.n.e.registry.AbstractInstanceRegistry  : Finished initializing remote region registries. All known remote regions: []
2018-05-17 11:19:09.929  INFO 5540 --- [main] c.n.eureka.DefaultEurekaServerContext    : Initialized
2018-05-17 11:19:10.135  INFO 5540 --- [main] s.w.s.m.m.a.RequestMappingHandlerAdapter : Looking for @ControllerAdvice: org.springframework.boot.context.embedded.AnnotationConfigEmbeddedWebApplicationContext@25f4878b: startup date [Thu May 17 11:19:06 CST 2018]; parent: org.springframework.context.annotation.AnnotationConfigApplicationContext@159f197
2018-05-17 11:19:10.207  INFO 5540 --- [main] s.w.s.m.m.a.RequestMappingHandlerMapping : Mapped "{[/],methods=[GET]}" onto public java.lang.String org.springframework.cloud.netflix.eureka.server.EurekaController.status(javax.servlet.http.HttpServletRequest,java.util.Map<java.lang.String, java.lang.Object>)
2018-05-17 11:19:10.208  INFO 5540 --- [main] s.w.s.m.m.a.RequestMappingHandlerMapping : Mapped "{[/lastn],methods=[GET]}" onto public java.lang.String org.springframework.cloud.netflix.eureka.server.EurekaController.lastn(javax.servlet.http.HttpServletRequest,java.util.Map<java.lang.String, java.lang.Object>)
2018-05-17 11:19:10.209  INFO 5540 --- [main] s.w.s.m.m.a.RequestMappingHandlerMapping : Mapped "{[/error]}" onto public org.springframework.http.ResponseEntity<java.util.Map<java.lang.String, java.lang.Object>> org.springframework.boot.autoconfigure.web.BasicErrorController.error(javax.servlet.http.HttpServletRequest)
2018-05-17 11:19:10.209  INFO 5540 --- [main] s.w.s.m.m.a.RequestMappingHandlerMapping : Mapped "{[/error],produces=[text/html]}" onto public org.springframework.web.servlet.ModelAndView org.springframework.boot.autoconfigure.web.BasicErrorController.errorHtml(javax.servlet.http.HttpServletRequest,javax.servlet.http.HttpServletResponse)
2018-05-17 11:19:10.233  INFO 5540 --- [main] o.s.w.s.handler.SimpleUrlHandlerMapping  : Mapped URL path [/webjars/**] onto handler of type [class org.springframework.web.servlet.resource.ResourceHttpRequestHandler]
2018-05-17 11:19:10.233  INFO 5540 --- [main] o.s.w.s.handler.SimpleUrlHandlerMapping  : Mapped URL path [/**] onto handler of type [class org.springframework.web.servlet.resource.ResourceHttpRequestHandler]
2018-05-17 11:19:10.265  INFO 5540 --- [main] o.s.w.s.handler.SimpleUrlHandlerMapping  : Mapped URL path [/**/favicon.ico] onto handler of type [class org.springframework.web.servlet.resource.ResourceHttpRequestHandler]
2018-05-17 11:19:10.604  INFO 5540 --- [main] o.s.b.a.e.mvc.EndpointHandlerMapping     : Mapped "{[/env],methods=[POST]}" onto public java.lang.Object org.springframework.cloud.context.environment.EnvironmentManagerMvcEndpoint.value(java.util.Map<java.lang.String, java.lang.String>)
2018-05-17 11:19:10.604  INFO 5540 --- [main] o.s.b.a.e.mvc.EndpointHandlerMapping     : Mapped "{[/env/reset],methods=[POST]}" onto public java.util.Map<java.lang.String, java.lang.Object> org.springframework.cloud.context.environment.EnvironmentManagerMvcEndpoint.reset()
2018-05-17 11:19:10.604  INFO 5540 --- [main] o.s.b.a.e.mvc.EndpointHandlerMapping     : Mapped "{[/configprops || /configprops.json],methods=[GET],produces=[application/json]}" onto public java.lang.Object org.springframework.boot.actuate.endpoint.mvc.EndpointMvcAdapter.invoke()
2018-05-17 11:19:10.605  INFO 5540 --- [main] o.s.b.a.e.mvc.EndpointHandlerMapping     : Mapped "{[/archaius || /archaius.json],methods=[GET],produces=[application/json]}" onto public java.lang.Object org.springframework.boot.actuate.endpoint.mvc.EndpointMvcAdapter.invoke()
2018-05-17 11:19:10.605  INFO 5540 --- [main] o.s.b.a.e.mvc.EndpointHandlerMapping     : Mapped "{[/health || /health.json],produces=[application/json]}" onto public java.lang.Object org.springframework.boot.actuate.endpoint.mvc.HealthMvcEndpoint.invoke(java.security.Principal)
2018-05-17 11:19:10.606  INFO 5540 --- [main] o.s.b.a.e.mvc.EndpointHandlerMapping     : Mapped "{[/pause || /pause.json],methods=[POST]}" onto public java.lang.Object org.springframework.cloud.endpoint.GenericPostableMvcEndpoint.invoke()
2018-05-17 11:19:10.607  INFO 5540 --- [main] o.s.b.a.e.mvc.EndpointHandlerMapping     : Mapped "{[/mappings || /mappings.json],methods=[GET],produces=[application/json]}" onto public java.lang.Object org.springframework.boot.actuate.endpoint.mvc.EndpointMvcAdapter.invoke()
2018-05-17 11:19:10.607  INFO 5540 --- [main] o.s.b.a.e.mvc.EndpointHandlerMapping     : Mapped "{[/logfile || /logfile.json],methods=[GET || HEAD]}" onto public void org.springframework.boot.actuate.endpoint.mvc.LogFileMvcEndpoint.invoke(javax.servlet.http.HttpServletRequest,javax.servlet.http.HttpServletResponse) throws javax.servlet.ServletException,java.io.IOException
2018-05-17 11:19:10.607  INFO 5540 --- [main] o.s.b.a.e.mvc.EndpointHandlerMapping     : Mapped "{[/info || /info.json],methods=[GET],produces=[application/json]}" onto public java.lang.Object org.springframework.boot.actuate.endpoint.mvc.EndpointMvcAdapter.invoke()
2018-05-17 11:19:10.608  INFO 5540 --- [main] o.s.b.a.e.mvc.EndpointHandlerMapping     : Mapped "{[/refresh || /refresh.json],methods=[POST]}" onto public java.lang.Object org.springframework.cloud.endpoint.GenericPostableMvcEndpoint.invoke()
2018-05-17 11:19:10.608  INFO 5540 --- [main] o.s.b.a.e.mvc.EndpointHandlerMapping     : Mapped "{[/restart || /restart.json],methods=[POST]}" onto public java.lang.Object org.springframework.cloud.context.restart.RestartMvcEndpoint.invoke()
2018-05-17 11:19:10.609  INFO 5540 --- [main] o.s.b.a.e.mvc.EndpointHandlerMapping     : Mapped "{[/resume || /resume.json],methods=[POST]}" onto public java.lang.Object org.springframework.cloud.endpoint.GenericPostableMvcEndpoint.invoke()
2018-05-17 11:19:10.610  INFO 5540 --- [main] o.s.b.a.e.mvc.EndpointHandlerMapping     : Mapped "{[/beans || /beans.json],methods=[GET],produces=[application/json]}" onto public java.lang.Object org.springframework.boot.actuate.endpoint.mvc.EndpointMvcAdapter.invoke()
2018-05-17 11:19:10.610  INFO 5540 --- [main] o.s.b.a.e.mvc.EndpointHandlerMapping     : Mapped "{[/env/{name:.*}],methods=[GET],produces=[application/json]}" onto public java.lang.Object org.springframework.boot.actuate.endpoint.mvc.EnvironmentMvcEndpoint.value(java.lang.String)
2018-05-17 11:19:10.610  INFO 5540 --- [main] o.s.b.a.e.mvc.EndpointHandlerMapping     : Mapped "{[/env || /env.json],methods=[GET],produces=[application/json]}" onto public java.lang.Object org.springframework.boot.actuate.endpoint.mvc.EndpointMvcAdapter.invoke()
2018-05-17 11:19:10.611  INFO 5540 --- [main] o.s.b.a.e.mvc.EndpointHandlerMapping     : Mapped "{[/metrics/{name:.*}],methods=[GET],produces=[application/json]}" onto public java.lang.Object org.springframework.boot.actuate.endpoint.mvc.MetricsMvcEndpoint.value(java.lang.String)
2018-05-17 11:19:10.611  INFO 5540 --- [main] o.s.b.a.e.mvc.EndpointHandlerMapping     : Mapped "{[/metrics || /metrics.json],methods=[GET],produces=[application/json]}" onto public java.lang.Object org.springframework.boot.actuate.endpoint.mvc.EndpointMvcAdapter.invoke()
2018-05-17 11:19:10.611  INFO 5540 --- [main] o.s.b.a.e.mvc.EndpointHandlerMapping     : Mapped "{[/autoconfig || /autoconfig.json],methods=[GET],produces=[application/json]}" onto public java.lang.Object org.springframework.boot.actuate.endpoint.mvc.EndpointMvcAdapter.invoke()
2018-05-17 11:19:10.612  INFO 5540 --- [main] o.s.b.a.e.mvc.EndpointHandlerMapping     : Mapped "{[/features || /features.json],methods=[GET],produces=[application/json]}" onto public java.lang.Object org.springframework.boot.actuate.endpoint.mvc.EndpointMvcAdapter.invoke()
2018-05-17 11:19:10.612  INFO 5540 --- [main] o.s.b.a.e.mvc.EndpointHandlerMapping     : Mapped "{[/trace || /trace.json],methods=[GET],produces=[application/json]}" onto public java.lang.Object org.springframework.boot.actuate.endpoint.mvc.EndpointMvcAdapter.invoke()
2018-05-17 11:19:10.613  INFO 5540 --- [main] o.s.b.a.e.mvc.EndpointHandlerMapping     : Mapped "{[/dump || /dump.json],methods=[GET],produces=[application/json]}" onto public java.lang.Object org.springframework.boot.actuate.endpoint.mvc.EndpointMvcAdapter.invoke()
2018-05-17 11:19:10.698  INFO 5540 --- [main] o.s.ui.freemarker.SpringTemplateLoader   : SpringTemplateLoader for FreeMarker: using resource loader [org.springframework.boot.context.embedded.AnnotationConfigEmbeddedWebApplicationContext@25f4878b: startup date [Thu May 17 11:19:06 CST 2018]; parent: org.springframework.context.annotation.AnnotationConfigApplicationContext@159f197] and template loader path [classpath:/templates/]
2018-05-17 11:19:10.699  INFO 5540 --- [main] o.s.w.s.v.f.FreeMarkerConfigurer         : ClassTemplateLoader for Spring macros added to FreeMarker configuration
2018-05-17 11:19:10.752  WARN 5540 --- [main] c.n.c.sources.URLConfigurationSource     : No URLs will be polled as dynamic configuration sources.
2018-05-17 11:19:10.753  INFO 5540 --- [main] c.n.c.sources.URLConfigurationSource     : To enable URLs as dynamic configuration sources, define System property archaius.configurationSource.additionalUrls or make config.properties available on classpath.
2018-05-17 11:19:10.758  WARN 5540 --- [main] c.n.c.sources.URLConfigurationSource     : No URLs will be polled as dynamic configuration sources.
2018-05-17 11:19:10.759  INFO 5540 --- [main] c.n.c.sources.URLConfigurationSource     : To enable URLs as dynamic configuration sources, define System property archaius.configurationSource.additionalUrls or make config.properties available on classpath.
2018-05-17 11:19:10.823  INFO 5540 --- [main] o.s.j.e.a.AnnotationMBeanExporter        : Registering beans for JMX exposure on startup
2018-05-17 11:19:10.832  INFO 5540 --- [main] o.s.j.e.a.AnnotationMBeanExporter        : Bean with name 'refreshScope' has been autodetected for JMX exposure
2018-05-17 11:19:10.833  INFO 5540 --- [main] o.s.j.e.a.AnnotationMBeanExporter        : Bean with name 'environmentManager' has been autodetected for JMX exposure
2018-05-17 11:19:10.834  INFO 5540 --- [main] o.s.j.e.a.AnnotationMBeanExporter        : Bean with name 'configurationPropertiesRebinder' has been autodetected for JMX exposure
2018-05-17 11:19:10.835  INFO 5540 --- [main] o.s.j.e.a.AnnotationMBeanExporter        : Bean with name 'refreshEndpoint' has been autodetected for JMX exposure
2018-05-17 11:19:10.835  INFO 5540 --- [main] o.s.j.e.a.AnnotationMBeanExporter        : Bean with name 'restartEndpoint' has been autodetected for JMX exposure
2018-05-17 11:19:10.838  INFO 5540 --- [main] o.s.j.e.a.AnnotationMBeanExporter        : Located managed bean 'environmentManager': registering with JMX server as MBean [org.springframework.cloud.context.environment:name=environmentManager,type=EnvironmentManager]
2018-05-17 11:19:10.857  INFO 5540 --- [main] o.s.j.e.a.AnnotationMBeanExporter        : Located managed bean 'restartEndpoint': registering with JMX server as MBean [org.springframework.cloud.context.restart:name=restartEndpoint,type=RestartEndpoint]
2018-05-17 11:19:10.866  INFO 5540 --- [main] o.s.j.e.a.AnnotationMBeanExporter        : Located managed bean 'refreshScope': registering with JMX server as MBean [org.springframework.cloud.context.scope.refresh:name=refreshScope,type=RefreshScope]
2018-05-17 11:19:10.871  INFO 5540 --- [main] o.s.j.e.a.AnnotationMBeanExporter        : Located managed bean 'configurationPropertiesRebinder': registering with JMX server as MBean [org.springframework.cloud.context.properties:name=configurationPropertiesRebinder,context=25f4878b,type=ConfigurationPropertiesRebinder]
2018-05-17 11:19:10.877  INFO 5540 --- [main] o.s.j.e.a.AnnotationMBeanExporter        : Located managed bean 'refreshEndpoint': registering with JMX server as MBean [org.springframework.cloud.endpoint:name=refreshEndpoint,type=RefreshEndpoint]
2018-05-17 11:19:11.087  INFO 5540 --- [main] o.s.c.support.DefaultLifecycleProcessor  : Starting beans in phase 0
2018-05-17 11:19:11.090  INFO 5540 --- [main] c.n.e.EurekaDiscoveryClientConfiguration : Registering application eureka-server with eureka with status UP
2018-05-17 11:19:11.091  INFO 5540 --- [Thread-7] o.s.c.n.e.server.EurekaServerBootstrap   : Setting the eureka configuration..
2018-05-17 11:19:11.091  INFO 5540 --- [Thread-7] o.s.c.n.e.server.EurekaServerBootstrap   : Eureka data center value eureka.datacenter is not set, defaulting to default
2018-05-17 11:19:11.091  INFO 5540 --- [Thread-7] o.s.c.n.e.server.EurekaServerBootstrap   : Eureka environment value eureka.environment is not set, defaulting to test
2018-05-17 11:19:11.182  INFO 5540 --- [Thread-7] o.s.c.n.e.server.EurekaServerBootstrap   : isAws returned false
2018-05-17 11:19:11.209  INFO 5540 --- [Thread-7] o.s.c.n.e.server.EurekaServerBootstrap   : Initialized server context
2018-05-17 11:19:11.210  INFO 5540 --- [Thread-7] c.n.e.r.PeerAwareInstanceRegistryImpl    : Got 1 instances from neighboring DS node
2018-05-17 11:19:11.211  INFO 5540 --- [Thread-7] c.n.e.r.PeerAwareInstanceRegistryImpl    : Renew threshold is: 1
2018-05-17 11:19:11.211  INFO 5540 --- [Thread-7] c.n.e.r.PeerAwareInstanceRegistryImpl    : Changing status to UP
2018-05-17 11:19:11.230  INFO 5540 --- [Thread-7] e.s.EurekaServerInitializerConfiguration : Started Eureka Server
2018-05-17 11:19:11.241  INFO 5540 --- [main] s.b.c.e.t.TomcatEmbeddedServletContainer : Tomcat started on port(s): 1001 (http)
2018-05-17 11:19:11.242  INFO 5540 --- [main] c.n.e.EurekaDiscoveryClientConfiguration : Updating port to 1001
2018-05-17 11:19:11.246  INFO 5540 --- [main] com.wang.Application                     : Started Application in 5.653 seconds (JVM running for 6.154)
2018-05-17 11:19:17.906  INFO 5540 --- [http-nio-1001-exec-1] o.a.c.c.C.[Tomcat].[localhost].[/]       : Initializing Spring FrameworkServlet 'dispatcherServlet'
2018-05-17 11:19:17.906  INFO 5540 --- [http-nio-1001-exec-1] o.s.web.servlet.DispatcherServlet        : FrameworkServlet 'dispatcherServlet': initialization started
2018-05-17 11:19:17.920  INFO 5540 --- [http-nio-1001-exec-1] o.s.web.servlet.DispatcherServlet        : FrameworkServlet 'dispatcherServlet': initialization completed in 14 ms
2018-05-17 11:19:28.047  INFO 5540 --- [http-nio-1001-exec-7] c.n.e.registry.AbstractInstanceRegistry  : Registered instance EUREKA-CLIENT/USER-20160202KM:eureka-client:2001 with status UP (replication=false)
2018-05-17 11:29:09.923  WARN 5540 --- [Eureka-PeerNodesUpdater] c.n.eureka.cluster.PeerEurekaNodes       : The replica size seems to be empty. Check the route 53 DNS Registry
2018-05-17 11:34:09.929  INFO 5540 --- [ReplicaAwareInstanceRegistry - RenewalThresholdUpdater] c.n.e.r.PeerAwareInstanceRegistryImpl    : Current renewal threshold is : 3
2018-05-17 11:35:35.885  INFO 8360 --- [main] com.wang.Application                     : No active profile set, falling back to default profiles: default
2018-05-17 11:35:35.895  INFO 8360 --- [main] ationConfigEmbeddedWebApplicationContext : Refreshing org.springframework.boot.context.embedded.AnnotationConfigEmbeddedWebApplicationContext@25f4878b: startup date [Thu May 17 11:35:35 CST 2018]; parent: org.springframework.context.annotation.AnnotationConfigApplicationContext@159f197
2018-05-17 11:35:36.575  WARN 8360 --- [main] o.s.c.a.ConfigurationClassPostProcessor  : Cannot enhance @Configuration bean definition 'refreshScope' since its singleton instance has been created too early. The typical cause is a non-static @Bean method with a BeanDefinitionRegistryPostProcessor return type: Consider declaring such methods as 'static'.
2018-05-17 11:35:36.680  INFO 8360 --- [main] o.s.cloud.context.scope.GenericScope     : BeanFactory id=f6c140a7-6a3b-34b0-be2c-fdb60db89422
2018-05-17 11:35:36.690  INFO 8360 --- [main] f.a.AutowiredAnnotationBeanPostProcessor : JSR-330 'javax.inject.Inject' annotation found and supported for autowiring
2018-05-17 11:35:36.709  INFO 8360 --- [main] trationDelegate$BeanPostProcessorChecker : Bean 'org.springframework.cloud.autoconfigure.ConfigurationPropertiesRebinderAutoConfiguration' of type [class org.springframework.cloud.autoconfigure.ConfigurationPropertiesRebinderAutoConfiguration$$EnhancerBySpringCGLIB$$c9a2a062] is not eligible for getting processed by all BeanPostProcessors (for example: not eligible for auto-proxying)
2018-05-17 11:35:36.713  INFO 8360 --- [main] trationDelegate$BeanPostProcessorChecker : Bean 'org.springframework.cloud.autoconfigure.RefreshEndpointAutoConfiguration' of type [class org.springframework.cloud.autoconfigure.RefreshEndpointAutoConfiguration$$EnhancerBySpringCGLIB$$7301a258] is not eligible for getting processed by all BeanPostProcessors (for example: not eligible for auto-proxying)
2018-05-17 11:35:37.029  INFO 8360 --- [main] s.b.c.e.t.TomcatEmbeddedServletContainer : Tomcat initialized with port(s): 1001 (http)
2018-05-17 11:35:37.039  INFO 8360 --- [main] o.apache.catalina.core.StandardService   : Starting service Tomcat
2018-05-17 11:35:37.040  INFO 8360 --- [main] org.apache.catalina.core.StandardEngine  : Starting Servlet Engine: Apache Tomcat/8.0.33
2018-05-17 11:35:37.186  INFO 8360 --- [localhost-startStop-1] o.a.c.c.C.[Tomcat].[localhost].[/]       : Initializing Spring embedded WebApplicationContext
2018-05-17 11:35:37.186  INFO 8360 --- [localhost-startStop-1] o.s.web.context.ContextLoader            : Root WebApplicationContext: initialization completed in 1291 ms
2018-05-17 11:35:37.888  INFO 8360 --- [localhost-startStop-1] o.s.b.c.embedded.FilterRegistrationBean  : Mapping filter: 'metricFilter' to: [/*]
2018-05-17 11:35:37.888  INFO 8360 --- [localhost-startStop-1] o.s.b.c.embedded.FilterRegistrationBean  : Mapping filter: 'characterEncodingFilter' to: [/*]
2018-05-17 11:35:37.888  INFO 8360 --- [localhost-startStop-1] o.s.b.c.embedded.FilterRegistrationBean  : Mapping filter: 'hiddenHttpMethodFilter' to: [/*]
2018-05-17 11:35:37.888  INFO 8360 --- [localhost-startStop-1] o.s.b.c.embedded.FilterRegistrationBean  : Mapping filter: 'httpPutFormContentFilter' to: [/*]
2018-05-17 11:35:37.889  INFO 8360 --- [localhost-startStop-1] o.s.b.c.embedded.FilterRegistrationBean  : Mapping filter: 'requestContextFilter' to: [/*]
2018-05-17 11:35:37.889  INFO 8360 --- [localhost-startStop-1] o.s.b.c.embedded.FilterRegistrationBean  : Mapping filter: 'webRequestTraceFilter' to: [/*]
2018-05-17 11:35:37.889  INFO 8360 --- [localhost-startStop-1] o.s.b.c.embedded.FilterRegistrationBean  : Mapping filter: 'servletContainer' to urls: [/eureka/*]
2018-05-17 11:35:37.889  INFO 8360 --- [localhost-startStop-1] o.s.b.c.embedded.FilterRegistrationBean  : Mapping filter: 'applicationContextIdFilter' to: [/*]
2018-05-17 11:35:37.889  INFO 8360 --- [localhost-startStop-1] o.s.b.c.e.ServletRegistrationBean        : Mapping servlet: 'dispatcherServlet' to [/]
2018-05-17 11:35:37.987  INFO 8360 --- [localhost-startStop-1] c.s.j.s.i.a.WebApplicationImpl           : Initiating Jersey application, version 'Jersey: 1.19.1 03/11/2016 02:08 PM'
2018-05-17 11:35:38.082  INFO 8360 --- [localhost-startStop-1] c.n.d.provider.DiscoveryJerseyProvider   : Using JSON encoding codec LegacyJacksonJson
2018-05-17 11:35:38.083  INFO 8360 --- [localhost-startStop-1] c.n.d.provider.DiscoveryJerseyProvider   : Using JSON decoding codec LegacyJacksonJson
2018-05-17 11:35:38.185  INFO 8360 --- [localhost-startStop-1] c.n.d.provider.DiscoveryJerseyProvider   : Using XML encoding codec XStreamXml
2018-05-17 11:35:38.186  INFO 8360 --- [localhost-startStop-1] c.n.d.provider.DiscoveryJerseyProvider   : Using XML decoding codec XStreamXml
2018-05-17 11:35:38.696  INFO 8360 --- [main] o.s.c.n.eureka.InstanceInfoFactory       : Setting initial instance status as: STARTING
2018-05-17 11:35:38.763  INFO 8360 --- [main] com.netflix.discovery.DiscoveryClient    : Client configured to neither register nor query for data.
2018-05-17 11:35:38.974  INFO 8360 --- [main] c.n.eureka.DefaultEurekaServerContext    : Initializing ...
2018-05-17 11:35:38.976  WARN 8360 --- [main] c.n.eureka.cluster.PeerEurekaNodes       : The replica size seems to be empty. Check the route 53 DNS Registry
2018-05-17 11:35:38.984  INFO 8360 --- [main] c.n.e.registry.AbstractInstanceRegistry  : Finished initializing remote region registries. All known remote regions: []
2018-05-17 11:35:38.985  INFO 8360 --- [main] c.n.eureka.DefaultEurekaServerContext    : Initialized
2018-05-17 11:35:39.167  INFO 8360 --- [main] s.w.s.m.m.a.RequestMappingHandlerAdapter : Looking for @ControllerAdvice: org.springframework.boot.context.embedded.AnnotationConfigEmbeddedWebApplicationContext@25f4878b: startup date [Thu May 17 11:35:35 CST 2018]; parent: org.springframework.context.annotation.AnnotationConfigApplicationContext@159f197
2018-05-17 11:35:39.249  INFO 8360 --- [main] s.w.s.m.m.a.RequestMappingHandlerMapping : Mapped "{[/],methods=[GET]}" onto public java.lang.String org.springframework.cloud.netflix.eureka.server.EurekaController.status(javax.servlet.http.HttpServletRequest,java.util.Map<java.lang.String, java.lang.Object>)
2018-05-17 11:35:39.249  INFO 8360 --- [main] s.w.s.m.m.a.RequestMappingHandlerMapping : Mapped "{[/lastn],methods=[GET]}" onto public java.lang.String org.springframework.cloud.netflix.eureka.server.EurekaController.lastn(javax.servlet.http.HttpServletRequest,java.util.Map<java.lang.String, java.lang.Object>)
2018-05-17 11:35:39.250  INFO 8360 --- [main] s.w.s.m.m.a.RequestMappingHandlerMapping : Mapped "{[/error]}" onto public org.springframework.http.ResponseEntity<java.util.Map<java.lang.String, java.lang.Object>> org.springframework.boot.autoconfigure.web.BasicErrorController.error(javax.servlet.http.HttpServletRequest)
2018-05-17 11:35:39.251  INFO 8360 --- [main] s.w.s.m.m.a.RequestMappingHandlerMapping : Mapped "{[/error],produces=[text/html]}" onto public org.springframework.web.servlet.ModelAndView org.springframework.boot.autoconfigure.web.BasicErrorController.errorHtml(javax.servlet.http.HttpServletRequest,javax.servlet.http.HttpServletResponse)
2018-05-17 11:35:39.274  INFO 8360 --- [main] o.s.w.s.handler.SimpleUrlHandlerMapping  : Mapped URL path [/webjars/**] onto handler of type [class org.springframework.web.servlet.resource.ResourceHttpRequestHandler]
2018-05-17 11:35:39.274  INFO 8360 --- [main] o.s.w.s.handler.SimpleUrlHandlerMapping  : Mapped URL path [/**] onto handler of type [class org.springframework.web.servlet.resource.ResourceHttpRequestHandler]
2018-05-17 11:35:39.305  INFO 8360 --- [main] o.s.w.s.handler.SimpleUrlHandlerMapping  : Mapped URL path [/**/favicon.ico] onto handler of type [class org.springframework.web.servlet.resource.ResourceHttpRequestHandler]
2018-05-17 11:35:39.750  INFO 8360 --- [main] o.s.b.a.e.mvc.EndpointHandlerMapping     : Mapped "{[/env],methods=[POST]}" onto public java.lang.Object org.springframework.cloud.context.environment.EnvironmentManagerMvcEndpoint.value(java.util.Map<java.lang.String, java.lang.String>)
2018-05-17 11:35:39.750  INFO 8360 --- [main] o.s.b.a.e.mvc.EndpointHandlerMapping     : Mapped "{[/env/reset],methods=[POST]}" onto public java.util.Map<java.lang.String, java.lang.Object> org.springframework.cloud.context.environment.EnvironmentManagerMvcEndpoint.reset()
2018-05-17 11:35:39.751  INFO 8360 --- [main] o.s.b.a.e.mvc.EndpointHandlerMapping     : Mapped "{[/configprops || /configprops.json],methods=[GET],produces=[application/json]}" onto public java.lang.Object org.springframework.boot.actuate.endpoint.mvc.EndpointMvcAdapter.invoke()
2018-05-17 11:35:39.751  INFO 8360 --- [main] o.s.b.a.e.mvc.EndpointHandlerMapping     : Mapped "{[/archaius || /archaius.json],methods=[GET],produces=[application/json]}" onto public java.lang.Object org.springframework.boot.actuate.endpoint.mvc.EndpointMvcAdapter.invoke()
2018-05-17 11:35:39.751  INFO 8360 --- [main] o.s.b.a.e.mvc.EndpointHandlerMapping     : Mapped "{[/health || /health.json],produces=[application/json]}" onto public java.lang.Object org.springframework.boot.actuate.endpoint.mvc.HealthMvcEndpoint.invoke(java.security.Principal)
2018-05-17 11:35:39.754  INFO 8360 --- [main] o.s.b.a.e.mvc.EndpointHandlerMapping     : Mapped "{[/pause || /pause.json],methods=[POST]}" onto public java.lang.Object org.springframework.cloud.endpoint.GenericPostableMvcEndpoint.invoke()
2018-05-17 11:35:39.757  INFO 8360 --- [main] o.s.b.a.e.mvc.EndpointHandlerMapping     : Mapped "{[/mappings || /mappings.json],methods=[GET],produces=[application/json]}" onto public java.lang.Object org.springframework.boot.actuate.endpoint.mvc.EndpointMvcAdapter.invoke()
2018-05-17 11:35:39.758  INFO 8360 --- [main] o.s.b.a.e.mvc.EndpointHandlerMapping     : Mapped "{[/logfile || /logfile.json],methods=[GET || HEAD]}" onto public void org.springframework.boot.actuate.endpoint.mvc.LogFileMvcEndpoint.invoke(javax.servlet.http.HttpServletRequest,javax.servlet.http.HttpServletResponse) throws javax.servlet.ServletException,java.io.IOException
2018-05-17 11:35:39.758  INFO 8360 --- [main] o.s.b.a.e.mvc.EndpointHandlerMapping     : Mapped "{[/info || /info.json],methods=[GET],produces=[application/json]}" onto public java.lang.Object org.springframework.boot.actuate.endpoint.mvc.EndpointMvcAdapter.invoke()
2018-05-17 11:35:39.759  INFO 8360 --- [main] o.s.b.a.e.mvc.EndpointHandlerMapping     : Mapped "{[/refresh || /refresh.json],methods=[POST]}" onto public java.lang.Object org.springframework.cloud.endpoint.GenericPostableMvcEndpoint.invoke()
2018-05-17 11:35:39.759  INFO 8360 --- [main] o.s.b.a.e.mvc.EndpointHandlerMapping     : Mapped "{[/restart || /restart.json],methods=[POST]}" onto public java.lang.Object org.springframework.cloud.context.restart.RestartMvcEndpoint.invoke()
2018-05-17 11:35:39.762  INFO 8360 --- [main] o.s.b.a.e.mvc.EndpointHandlerMapping     : Mapped "{[/resume || /resume.json],methods=[POST]}" onto public java.lang.Object org.springframework.cloud.endpoint.GenericPostableMvcEndpoint.invoke()
2018-05-17 11:35:39.762  INFO 8360 --- [main] o.s.b.a.e.mvc.EndpointHandlerMapping     : Mapped "{[/beans || /beans.json],methods=[GET],produces=[application/json]}" onto public java.lang.Object org.springframework.boot.actuate.endpoint.mvc.EndpointMvcAdapter.invoke()
2018-05-17 11:35:39.763  INFO 8360 --- [main] o.s.b.a.e.mvc.EndpointHandlerMapping     : Mapped "{[/env/{name:.*}],methods=[GET],produces=[application/json]}" onto public java.lang.Object org.springframework.boot.actuate.endpoint.mvc.EnvironmentMvcEndpoint.value(java.lang.String)
2018-05-17 11:35:39.763  INFO 8360 --- [main] o.s.b.a.e.mvc.EndpointHandlerMapping     : Mapped "{[/env || /env.json],methods=[GET],produces=[application/json]}" onto public java.lang.Object org.springframework.boot.actuate.endpoint.mvc.EndpointMvcAdapter.invoke()
2018-05-17 11:35:39.763  INFO 8360 --- [main] o.s.b.a.e.mvc.EndpointHandlerMapping     : Mapped "{[/metrics/{name:.*}],methods=[GET],produces=[application/json]}" onto public java.lang.Object org.springframework.boot.actuate.endpoint.mvc.MetricsMvcEndpoint.value(java.lang.String)
2018-05-17 11:35:39.763  INFO 8360 --- [main] o.s.b.a.e.mvc.EndpointHandlerMapping     : Mapped "{[/metrics || /metrics.json],methods=[GET],produces=[application/json]}" onto public java.lang.Object org.springframework.boot.actuate.endpoint.mvc.EndpointMvcAdapter.invoke()
2018-05-17 11:35:39.764  INFO 8360 --- [main] o.s.b.a.e.mvc.EndpointHandlerMapping     : Mapped "{[/autoconfig || /autoconfig.json],methods=[GET],produces=[application/json]}" onto public java.lang.Object org.springframework.boot.actuate.endpoint.mvc.EndpointMvcAdapter.invoke()
2018-05-17 11:35:39.764  INFO 8360 --- [main] o.s.b.a.e.mvc.EndpointHandlerMapping     : Mapped "{[/features || /features.json],methods=[GET],produces=[application/json]}" onto public java.lang.Object org.springframework.boot.actuate.endpoint.mvc.EndpointMvcAdapter.invoke()
2018-05-17 11:35:39.764  INFO 8360 --- [main] o.s.b.a.e.mvc.EndpointHandlerMapping     : Mapped "{[/trace || /trace.json],methods=[GET],produces=[application/json]}" onto public java.lang.Object org.springframework.boot.actuate.endpoint.mvc.EndpointMvcAdapter.invoke()
2018-05-17 11:35:39.765  INFO 8360 --- [main] o.s.b.a.e.mvc.EndpointHandlerMapping     : Mapped "{[/dump || /dump.json],methods=[GET],produces=[application/json]}" onto public java.lang.Object org.springframework.boot.actuate.endpoint.mvc.EndpointMvcAdapter.invoke()
2018-05-17 11:35:39.858  INFO 8360 --- [main] o.s.ui.freemarker.SpringTemplateLoader   : SpringTemplateLoader for FreeMarker: using resource loader [org.springframework.boot.context.embedded.AnnotationConfigEmbeddedWebApplicationContext@25f4878b: startup date [Thu May 17 11:35:35 CST 2018]; parent: org.springframework.context.annotation.AnnotationConfigApplicationContext@159f197] and template loader path [classpath:/templates/]
2018-05-17 11:35:39.859  INFO 8360 --- [main] o.s.w.s.v.f.FreeMarkerConfigurer         : ClassTemplateLoader for Spring macros added to FreeMarker configuration
2018-05-17 11:35:39.906  WARN 8360 --- [main] c.n.c.sources.URLConfigurationSource     : No URLs will be polled as dynamic configuration sources.
2018-05-17 11:35:39.907  INFO 8360 --- [main] c.n.c.sources.URLConfigurationSource     : To enable URLs as dynamic configuration sources, define System property archaius.configurationSource.additionalUrls or make config.properties available on classpath.
2018-05-17 11:35:39.912  WARN 8360 --- [main] c.n.c.sources.URLConfigurationSource     : No URLs will be polled as dynamic configuration sources.
2018-05-17 11:35:39.912  INFO 8360 --- [main] c.n.c.sources.URLConfigurationSource     : To enable URLs as dynamic configuration sources, define System property archaius.configurationSource.additionalUrls or make config.properties available on classpath.
2018-05-17 11:35:39.970  INFO 8360 --- [main] o.s.j.e.a.AnnotationMBeanExporter        : Registering beans for JMX exposure on startup
2018-05-17 11:35:39.980  INFO 8360 --- [main] o.s.j.e.a.AnnotationMBeanExporter        : Bean with name 'refreshScope' has been autodetected for JMX exposure
2018-05-17 11:35:39.981  INFO 8360 --- [main] o.s.j.e.a.AnnotationMBeanExporter        : Bean with name 'environmentManager' has been autodetected for JMX exposure
2018-05-17 11:35:39.982  INFO 8360 --- [main] o.s.j.e.a.AnnotationMBeanExporter        : Bean with name 'configurationPropertiesRebinder' has been autodetected for JMX exposure
2018-05-17 11:35:39.983  INFO 8360 --- [main] o.s.j.e.a.AnnotationMBeanExporter        : Bean with name 'refreshEndpoint' has been autodetected for JMX exposure
2018-05-17 11:35:39.983  INFO 8360 --- [main] o.s.j.e.a.AnnotationMBeanExporter        : Bean with name 'restartEndpoint' has been autodetected for JMX exposure
2018-05-17 11:35:39.988  INFO 8360 --- [main] o.s.j.e.a.AnnotationMBeanExporter        : Located managed bean 'environmentManager': registering with JMX server as MBean [org.springframework.cloud.context.environment:name=environmentManager,type=EnvironmentManager]
2018-05-17 11:35:40.002  INFO 8360 --- [main] o.s.j.e.a.AnnotationMBeanExporter        : Located managed bean 'restartEndpoint': registering with JMX server as MBean [org.springframework.cloud.context.restart:name=restartEndpoint,type=RestartEndpoint]
2018-05-17 11:35:40.012  INFO 8360 --- [main] o.s.j.e.a.AnnotationMBeanExporter        : Located managed bean 'refreshScope': registering with JMX server as MBean [org.springframework.cloud.context.scope.refresh:name=refreshScope,type=RefreshScope]
2018-05-17 11:35:40.020  INFO 8360 --- [main] o.s.j.e.a.AnnotationMBeanExporter        : Located managed bean 'configurationPropertiesRebinder': registering with JMX server as MBean [org.springframework.cloud.context.properties:name=configurationPropertiesRebinder,context=25f4878b,type=ConfigurationPropertiesRebinder]
2018-05-17 11:35:40.025  INFO 8360 --- [main] o.s.j.e.a.AnnotationMBeanExporter        : Located managed bean 'refreshEndpoint': registering with JMX server as MBean [org.springframework.cloud.endpoint:name=refreshEndpoint,type=RefreshEndpoint]
2018-05-17 11:35:40.362  INFO 8360 --- [main] o.s.c.support.DefaultLifecycleProcessor  : Starting beans in phase 0
2018-05-17 11:35:40.365  INFO 8360 --- [main] c.n.e.EurekaDiscoveryClientConfiguration : Registering application eureka-server with eureka with status UP
2018-05-17 11:35:40.427  INFO 8360 --- [Thread-7] o.s.c.n.e.server.EurekaServerBootstrap   : Setting the eureka configuration..
2018-05-17 11:35:40.427  INFO 8360 --- [Thread-7] o.s.c.n.e.server.EurekaServerBootstrap   : Eureka data center value eureka.datacenter is not set, defaulting to default
2018-05-17 11:35:40.427  INFO 8360 --- [Thread-7] o.s.c.n.e.server.EurekaServerBootstrap   : Eureka environment value eureka.environment is not set, defaulting to test
2018-05-17 11:35:40.443  INFO 8360 --- [Thread-7] o.s.c.n.e.server.EurekaServerBootstrap   : isAws returned false
2018-05-17 11:35:40.444  INFO 8360 --- [Thread-7] o.s.c.n.e.server.EurekaServerBootstrap   : Initialized server context
2018-05-17 11:35:40.444  INFO 8360 --- [Thread-7] c.n.e.r.PeerAwareInstanceRegistryImpl    : Got 1 instances from neighboring DS node
2018-05-17 11:35:40.444  INFO 8360 --- [Thread-7] c.n.e.r.PeerAwareInstanceRegistryImpl    : Renew threshold is: 1
2018-05-17 11:35:40.444  INFO 8360 --- [Thread-7] c.n.e.r.PeerAwareInstanceRegistryImpl    : Changing status to UP
2018-05-17 11:35:40.460  INFO 8360 --- [Thread-7] e.s.EurekaServerInitializerConfiguration : Started Eureka Server
2018-05-17 11:35:40.489  INFO 8360 --- [main] s.b.c.e.t.TomcatEmbeddedServletContainer : Tomcat started on port(s): 1001 (http)
2018-05-17 11:35:40.489  INFO 8360 --- [main] c.n.e.EurekaDiscoveryClientConfiguration : Updating port to 1001
2018-05-17 11:35:40.492  INFO 8360 --- [main] com.wang.Application                     : Started Application in 5.832 seconds (JVM running for 6.291)
2018-05-17 11:35:45.526  INFO 8360 --- [http-nio-1001-exec-1] o.a.c.c.C.[Tomcat].[localhost].[/]       : Initializing Spring FrameworkServlet 'dispatcherServlet'
2018-05-17 11:35:45.526  INFO 8360 --- [http-nio-1001-exec-1] o.s.web.servlet.DispatcherServlet        : FrameworkServlet 'dispatcherServlet': initialization started
2018-05-17 11:35:45.545  INFO 8360 --- [http-nio-1001-exec-1] o.s.web.servlet.DispatcherServlet        : FrameworkServlet 'dispatcherServlet': initialization completed in 19 ms
2018-05-17 11:35:58.349  WARN 8360 --- [http-nio-1001-exec-8] c.n.e.registry.AbstractInstanceRegistry  : DS: Registry: lease doesn't exist, registering resource: EUREKA-CLIENT - USER-20160202KM:eureka-client:2001
2018-05-17 11:35:58.349  WARN 8360 --- [http-nio-1001-exec-8] c.n.eureka.resources.InstanceResource    : Not Found (Renew): EUREKA-CLIENT - USER-20160202KM:eureka-client:2001
2018-05-17 11:35:58.434  INFO 8360 --- [http-nio-1001-exec-10] c.n.e.registry.AbstractInstanceRegistry  : Registered instance EUREKA-CLIENT/USER-20160202KM:eureka-client:2001 with status UP (replication=false)
2018-05-17 11:38:39.502  INFO 8360 --- [http-nio-1001-exec-4] c.n.e.registry.AbstractInstanceRegistry  : Registered instance EUREKA-CONSUMER/USER-20160202KM:eureka-consumer:2101 with status UP (replication=false)
2018-05-17 11:45:38.986  WARN 8360 --- [Eureka-PeerNodesUpdater] c.n.eureka.cluster.PeerEurekaNodes       : The replica size seems to be empty. Check the route 53 DNS Registry
2018-05-17 11:50:38.985  INFO 8360 --- [ReplicaAwareInstanceRegistry - RenewalThresholdUpdater] c.n.e.r.PeerAwareInstanceRegistryImpl    : Current renewal threshold is : 5
2018-05-17 11:55:38.995  WARN 8360 --- [Eureka-PeerNodesUpdater] c.n.eureka.cluster.PeerEurekaNodes       : The replica size seems to be empty. Check the route 53 DNS Registry
2018-05-17 12:05:38.993  INFO 8360 --- [ReplicaAwareInstanceRegistry - RenewalThresholdUpdater] c.n.e.r.PeerAwareInstanceRegistryImpl    : Current renewal threshold is : 5
2018-05-17 12:05:39.004  WARN 8360 --- [Eureka-PeerNodesUpdater] c.n.eureka.cluster.PeerEurekaNodes       : The replica size seems to be empty. Check the route 53 DNS Registry
2018-05-17 12:15:39.013  WARN 8360 --- [Eureka-PeerNodesUpdater] c.n.eureka.cluster.PeerEurekaNodes       : The replica size seems to be empty. Check the route 53 DNS Registry
2018-05-17 12:20:38.994  INFO 8360 --- [ReplicaAwareInstanceRegistry - RenewalThresholdUpdater] c.n.e.r.PeerAwareInstanceRegistryImpl    : Current renewal threshold is : 5
2018-05-17 12:25:39.023  WARN 8360 --- [Eureka-PeerNodesUpdater] c.n.eureka.cluster.PeerEurekaNodes       : The replica size seems to be empty. Check the route 53 DNS Registry
2018-05-17 12:35:38.994  INFO 8360 --- [ReplicaAwareInstanceRegistry - RenewalThresholdUpdater] c.n.e.r.PeerAwareInstanceRegistryImpl    : Current renewal threshold is : 5
2018-05-17 12:35:39.032  WARN 8360 --- [Eureka-PeerNodesUpdater] c.n.eureka.cluster.PeerEurekaNodes       : The replica size seems to be empty. Check the route 53 DNS Registry
2018-05-17 12:45:39.041  WARN 8360 --- [Eureka-PeerNodesUpdater] c.n.eureka.cluster.PeerEurekaNodes       : The replica size seems to be empty. Check the route 53 DNS Registry
2018-05-17 12:50:38.995  INFO 8360 --- [ReplicaAwareInstanceRegistry - RenewalThresholdUpdater] c.n.e.r.PeerAwareInstanceRegistryImpl    : Current renewal threshold is : 5
2018-05-17 12:55:39.051  WARN 8360 --- [Eureka-PeerNodesUpdater] c.n.eureka.cluster.PeerEurekaNodes       : The replica size seems to be empty. Check the route 53 DNS Registry
2018-05-17 13:05:38.995  INFO 8360 --- [ReplicaAwareInstanceRegistry - RenewalThresholdUpdater] c.n.e.r.PeerAwareInstanceRegistryImpl    : Current renewal threshold is : 5
2018-05-17 13:05:39.060  WARN 8360 --- [Eureka-PeerNodesUpdater] c.n.eureka.cluster.PeerEurekaNodes       : The replica size seems to be empty. Check the route 53 DNS Registry
2018-05-17 13:15:39.069  WARN 8360 --- [Eureka-PeerNodesUpdater] c.n.eureka.cluster.PeerEurekaNodes       : The replica size seems to be empty. Check the route 53 DNS Registry
2018-05-17 13:20:38.996  INFO 8360 --- [ReplicaAwareInstanceRegistry - RenewalThresholdUpdater] c.n.e.r.PeerAwareInstanceRegistryImpl    : Current renewal threshold is : 5
2018-05-17 13:25:39.079  WARN 8360 --- [Eureka-PeerNodesUpdater] c.n.eureka.cluster.PeerEurekaNodes       : The replica size seems to be empty. Check the route 53 DNS Registry
2018-05-17 13:35:38.996  INFO 8360 --- [ReplicaAwareInstanceRegistry - RenewalThresholdUpdater] c.n.e.r.PeerAwareInstanceRegistryImpl    : Current renewal threshold is : 5
2018-05-17 13:35:39.087  WARN 8360 --- [Eureka-PeerNodesUpdater] c.n.eureka.cluster.PeerEurekaNodes       : The replica size seems to be empty. Check the route 53 DNS Registry
2018-05-17 13:45:39.096  WARN 8360 --- [Eureka-PeerNodesUpdater] c.n.eureka.cluster.PeerEurekaNodes       : The replica size seems to be empty. Check the route 53 DNS Registry
2018-05-17 13:50:38.997  INFO 8360 --- [ReplicaAwareInstanceRegistry - RenewalThresholdUpdater] c.n.e.r.PeerAwareInstanceRegistryImpl    : Current renewal threshold is : 5
2018-05-17 13:55:39.106  WARN 8360 --- [Eureka-PeerNodesUpdater] c.n.eureka.cluster.PeerEurekaNodes       : The replica size seems to be empty. Check the route 53 DNS Registry
2018-05-17 14:05:38.997  INFO 8360 --- [ReplicaAwareInstanceRegistry - RenewalThresholdUpdater] c.n.e.r.PeerAwareInstanceRegistryImpl    : Current renewal threshold is : 5
2018-05-17 14:05:39.115  WARN 8360 --- [Eureka-PeerNodesUpdater] c.n.eureka.cluster.PeerEurekaNodes       : The replica size seems to be empty. Check the route 53 DNS Registry
2018-05-17 14:15:39.124  WARN 8360 --- [Eureka-PeerNodesUpdater] c.n.eureka.cluster.PeerEurekaNodes       : The replica size seems to be empty. Check the route 53 DNS Registry
2018-05-17 14:20:38.997  INFO 8360 --- [ReplicaAwareInstanceRegistry - RenewalThresholdUpdater] c.n.e.r.PeerAwareInstanceRegistryImpl    : Current renewal threshold is : 5
2018-05-17 14:25:39.134  WARN 8360 --- [Eureka-PeerNodesUpdater] c.n.eureka.cluster.PeerEurekaNodes       : The replica size seems to be empty. Check the route 53 DNS Registry
2018-05-17 14:35:38.998  INFO 8360 --- [ReplicaAwareInstanceRegistry - RenewalThresholdUpdater] c.n.e.r.PeerAwareInstanceRegistryImpl    : Current renewal threshold is : 5
2018-05-17 14:35:39.143  WARN 8360 --- [Eureka-PeerNodesUpdater] c.n.eureka.cluster.PeerEurekaNodes       : The replica size seems to be empty. Check the route 53 DNS Registry
2018-05-17 14:45:39.152  WARN 8360 --- [Eureka-PeerNodesUpdater] c.n.eureka.cluster.PeerEurekaNodes       : The replica size seems to be empty. Check the route 53 DNS Registry
2018-05-17 14:50:38.998  INFO 8360 --- [ReplicaAwareInstanceRegistry - RenewalThresholdUpdater] c.n.e.r.PeerAwareInstanceRegistryImpl    : Current renewal threshold is : 5
2018-05-17 14:55:39.162  WARN 8360 --- [Eureka-PeerNodesUpdater] c.n.eureka.cluster.PeerEurekaNodes       : The replica size seems to be empty. Check the route 53 DNS Registry
2018-05-17 15:05:39.049  INFO 8360 --- [ReplicaAwareInstanceRegistry - RenewalThresholdUpdater] c.n.e.r.PeerAwareInstanceRegistryImpl    : Current renewal threshold is : 5
2018-05-17 15:05:39.171  WARN 8360 --- [Eureka-PeerNodesUpdater] c.n.eureka.cluster.PeerEurekaNodes       : The replica size seems to be empty. Check the route 53 DNS Registry
2018-05-17 15:15:39.180  WARN 8360 --- [Eureka-PeerNodesUpdater] c.n.eureka.cluster.PeerEurekaNodes       : The replica size seems to be empty. Check the route 53 DNS Registry
2018-05-17 15:20:38.999  INFO 8360 --- [ReplicaAwareInstanceRegistry - RenewalThresholdUpdater] c.n.e.r.PeerAwareInstanceRegistryImpl    : Current renewal threshold is : 5
2018-05-17 15:25:39.190  WARN 8360 --- [Eureka-PeerNodesUpdater] c.n.eureka.cluster.PeerEurekaNodes       : The replica size seems to be empty. Check the route 53 DNS Registry
2018-05-17 15:35:39.000  INFO 8360 --- [ReplicaAwareInstanceRegistry - RenewalThresholdUpdater] c.n.e.r.PeerAwareInstanceRegistryImpl    : Current renewal threshold is : 5
2018-05-17 15:35:39.199  WARN 8360 --- [Eureka-PeerNodesUpdater] c.n.eureka.cluster.PeerEurekaNodes       : The replica size seems to be empty. Check the route 53 DNS Registry
2018-05-17 15:45:39.208  WARN 8360 --- [Eureka-PeerNodesUpdater] c.n.eureka.cluster.PeerEurekaNodes       : The replica size seems to be empty. Check the route 53 DNS Registry
2018-05-17 15:50:39.000  INFO 8360 --- [ReplicaAwareInstanceRegistry - RenewalThresholdUpdater] c.n.e.r.PeerAwareInstanceRegistryImpl    : Current renewal threshold is : 5
2018-05-17 15:55:39.218  WARN 8360 --- [Eureka-PeerNodesUpdater] c.n.eureka.cluster.PeerEurekaNodes       : The replica size seems to be empty. Check the route 53 DNS Registry
2018-05-17 16:05:39.001  INFO 8360 --- [ReplicaAwareInstanceRegistry - RenewalThresholdUpdater] c.n.e.r.PeerAwareInstanceRegistryImpl    : Current renewal threshold is : 5
2018-05-17 16:05:39.228  WARN 8360 --- [Eureka-PeerNodesUpdater] c.n.eureka.cluster.PeerEurekaNodes       : The replica size seems to be empty. Check the route 53 DNS Registry
2018-05-17 16:15:39.237  WARN 8360 --- [Eureka-PeerNodesUpdater] c.n.eureka.cluster.PeerEurekaNodes       : The replica size seems to be empty. Check the route 53 DNS Registry
2018-05-17 16:20:39.001  INFO 8360 --- [ReplicaAwareInstanceRegistry - RenewalThresholdUpdater] c.n.e.r.PeerAwareInstanceRegistryImpl    : Current renewal threshold is : 5
2018-05-17 16:25:39.246  WARN 8360 --- [Eureka-PeerNodesUpdater] c.n.eureka.cluster.PeerEurekaNodes       : The replica size seems to be empty. Check the route 53 DNS Registry
2018-05-17 16:35:39.002  INFO 8360 --- [ReplicaAwareInstanceRegistry - RenewalThresholdUpdater] c.n.e.r.PeerAwareInstanceRegistryImpl    : Current renewal threshold is : 5
2018-05-17 16:35:39.256  WARN 8360 --- [Eureka-PeerNodesUpdater] c.n.eureka.cluster.PeerEurekaNodes       : The replica size seems to be empty. Check the route 53 DNS Registry
2018-05-17 16:45:39.265  WARN 8360 --- [Eureka-PeerNodesUpdater] c.n.eureka.cluster.PeerEurekaNodes       : The replica size seems to be empty. Check the route 53 DNS Registry
2018-05-17 16:50:39.005  INFO 8360 --- [ReplicaAwareInstanceRegistry - RenewalThresholdUpdater] c.n.e.r.PeerAwareInstanceRegistryImpl    : Current renewal threshold is : 5
2018-05-17 16:55:39.274  WARN 8360 --- [Eureka-PeerNodesUpdater] c.n.eureka.cluster.PeerEurekaNodes       : The replica size seems to be empty. Check the route 53 DNS Registry
2018-05-17 17:05:39.005  INFO 8360 --- [ReplicaAwareInstanceRegistry - RenewalThresholdUpdater] c.n.e.r.PeerAwareInstanceRegistryImpl    : Current renewal threshold is : 5
2018-05-17 17:05:39.285  WARN 8360 --- [Eureka-PeerNodesUpdater] c.n.eureka.cluster.PeerEurekaNodes       : The replica size seems to be empty. Check the route 53 DNS Registry
2018-05-17 17:15:39.293  WARN 8360 --- [Eureka-PeerNodesUpdater] c.n.eureka.cluster.PeerEurekaNodes       : The replica size seems to be empty. Check the route 53 DNS Registry
2018-05-17 17:20:39.005  INFO 8360 --- [ReplicaAwareInstanceRegistry - RenewalThresholdUpdater] c.n.e.r.PeerAwareInstanceRegistryImpl    : Current renewal threshold is : 5
2018-05-17 17:25:39.302  WARN 8360 --- [Eureka-PeerNodesUpdater] c.n.eureka.cluster.PeerEurekaNodes       : The replica size seems to be empty. Check the route 53 DNS Registry
2018-05-17 17:35:39.006  INFO 8360 --- [ReplicaAwareInstanceRegistry - RenewalThresholdUpdater] c.n.e.r.PeerAwareInstanceRegistryImpl    : Current renewal threshold is : 5
2018-05-17 17:35:39.312  WARN 8360 --- [Eureka-PeerNodesUpdater] c.n.eureka.cluster.PeerEurekaNodes       : The replica size seems to be empty. Check the route 53 DNS Registry
